{"meta": {"format": 3, "version": "7.13.5", "timestamp": "2026-03-20T01:15:55.389149", "branch_coverage": false, "show_contexts": false}, "files": {"bindu/__init__.py": {"executed_lines": [8, 10], "summary": {"covered_lines": 2, "num_statements": 2, "percent_covered": 100.0, "percent_covered_display": "100.00", "missing_lines": 0, "excluded_lines": 0, "percent_statements_covered": 100.0, "percent_statements_covered_display": "100.00"}, "missing_lines": [], "excluded_lines": [], "functions": {"": {"executed_lines": [8, 10], "summary": {"covered_lines": 2, "num_statements": 2, "percent_covered": 100.0, "percent_covered_display": "100.00", "missing_lines": 0, "excluded_lines": 0, "percent_statements_covered": 100.0, "percent_statements_covered_display": "100.00"}, "missing_lines": [], "excluded_lines": [], "start_line": 1}}, "classes": {"": {"executed_lines": [8, 10], "summary": {"covered_lines": 2, "num_statements": 2, "percent_covered": 100.0, "percent_covered_display": "100.00", "missing_lines": 0, "excluded_lines": 0, "percent_statements_covered": 100.0, "percent_statements_covered_display": "100.00"}, "missing_lines": [], "excluded_lines": [], "start_line": 1}}}, "bindu/__version__.py": {"executed_lines": [3, 5, 6, 9, 19, 20, 22, 50], "summary": {"covered_lines": 8, "num_statements": 21, "percent_covered": 38.095238095238095, "percent_covered_display": "38.10", "missing_lines": 13, "excluded_lines": 0, "percent_statements_covered": 38.095238095238095, "percent_statements_covered_display": "38.10"}, "missing_lines": [23, 24, 27, 28, 29, 37, 38, 40, 41, 42, 43, 44, 47], "excluded_lines": [], "functions": {"get_version": {"executed_lines": [19, 20, 22], "summary": {"covered_lines": 3, "num_statements": 16, "percent_covered": 18.75, "percent_covered_display": "18.75", "missing_lines": 13, "excluded_lines": 0, "percent_statements_covered": 18.75, "percent_statements_covered_display": "18.75"}, "missing_lines": [23, 24, 27, 28, 29, 37, 38, 40, 41, 42, 43, 44, 47], "excluded_lines": [], "start_line": 9}, "": {"executed_lines": [3, 5, 6, 9, 50], "summary": {"covered_lines": 5, "num_statements": 5, "percent_covered": 100.0, "percent_covered_display": "100.00", "missing_lines": 0, "excluded_lines": 0, "percent_statements_covered": 100.0, "percent_statements_covered_display": "100.00"}, "missing_lines": [], "excluded_lines": [], "start_line": 1}}, "classes": {"": {"executed_lines": [3, 5, 6, 9, 19, 20, 22, 50], "summary": {"covered_lines": 8, "num_statements": 21, "percent_covered": 38.095238095238095, "percent_covered_display": "38.10", "missing_lines": 13, "excluded_lines": 0, "percent_statements_covered": 38.095238095238095, "percent_statements_covered_display": "38.10"}, "missing_lines": [23, 24, 27, 28, 29, 37, 38, 40, 41, 42, 43, 44, 47], "excluded_lines": [], "start_line": 1}}}, "bindu/_version.py": {"executed_lines": [4, 13, 14, 21, 22, 24, 25, 26, 27, 28, 29, 31, 32, 34], "summary": {"covered_lines": 14, "num_statements": 18, "percent_covered": 77.77777777777777, "percent_covered_display": "77.78", "missing_lines": 4, "excluded_lines": 0, "percent_statements_covered": 77.77777777777777, "percent_statements_covered_display": "77.78"}, "missing_lines": [15, 16, 18, 19], "excluded_lines": [], "functions": {"": {"executed_lines": [4, 13, 14, 21, 22, 24, 25, 26, 27, 28, 29, 31, 32, 34], "summary": {"covered_lines": 14, "num_statements": 18, "percent_covered": 77.77777777777777, "percent_covered_display": "77.78", "missing_lines": 4, "excluded_lines": 0, "percent_statements_covered": 77.77777777777777, "percent_statements_covered_display": "77.78"}, "missing_lines": [15, 16, 18, 19], "excluded_lines": [], "start_line": 1}}, "classes": {"": {"executed_lines": [4, 13, 14, 21, 22, 24, 25, 26, 27, 28, 29, 31, 32, 34], "summary": {"covered_lines": 14, "num_statements": 18, "percent_covered": 77.77777777777777, "percent_covered_display": "77.78", "missing_lines": 4, "excluded_lines": 0, "percent_statements_covered": 77.77777777777777, "percent_statements_covered_display": "77.78"}, "missing_lines": [15, 16, 18, 19], "excluded_lines": [], "start_line": 1}}}, "bindu/auth/__init__.py": {"executed_lines": [6, 9, 10, 15, 17], "summary": {"covered_lines": 5, "num_statements": 5, "percent_covered": 100.0, "percent_covered_display": "100.00", "missing_lines": 0, "excluded_lines": 0, "percent_statements_covered": 100.0, "percent_statements_covered_display": "100.00"}, "missing_lines": [], "excluded_lines": [], "functions": {"": {"executed_lines": [6, 9, 10, 15, 17], "summary": {"covered_lines": 5, "num_statements": 5, "percent_covered": 100.0, "percent_covered_display": "100.00", "missing_lines": 0, "excluded_lines": 0, "percent_statements_covered": 100.0, "percent_statements_covered_display": "100.00"}, "missing_lines": [], "excluded_lines": [], "start_line": 1}}, "classes": {"": {"executed_lines": [6, 9, 10, 15, 17], "summary": {"covered_lines": 5, "num_statements": 5, "percent_covered": 100.0, "percent_covered_display": "100.00", "missing_lines": 0, "excluded_lines": 0, "percent_statements_covered": 100.0, "percent_statements_covered_display": "100.00"}, "missing_lines": [], "excluded_lines": [], "start_line": 1}}}, "bindu/auth/hydra/__init__.py": {"executed_lines": [7, 8, 15], "summary": {"covered_lines": 3, "num_statements": 3, "percent_covered": 100.0, "percent_covered_display": "100.00", "missing_lines": 0, "excluded_lines": 0, "percent_statements_covered": 100.0, "percent_statements_covered_display": "100.00"}, "missing_lines": [], "excluded_lines": [], "functions": {"": {"executed_lines": [7, 8, 15], "summary": {"covered_lines": 3, "num_statements": 3, "percent_covered": 100.0, "percent_covered_display": "100.00", "missing_lines": 0, "excluded_lines": 0, "percent_statements_covered": 100.0, "percent_statements_covered_display": "100.00"}, "missing_lines": [], "excluded_lines": [], "start_line": 1}}, "classes": {"": {"executed_lines": [7, 8, 15], "summary": {"covered_lines": 3, "num_statements": 3, "percent_covered": 100.0, "percent_covered_display": "100.00", "missing_lines": 0, "excluded_lines": 0, "percent_statements_covered": 100.0, "percent_statements_covered_display": "100.00"}, "missing_lines": [], "excluded_lines": [], "start_line": 1}}}, "bindu/auth/hydra/client.py": {"executed_lines": [6, 8, 9, 11, 12, 14, 17, 18, 21, 27, 44, 45, 52, 63, 67, 69, 70, 72, 74, 76, 78, 80, 92, 97, 98, 102, 103, 104, 107, 109, 110, 114, 116, 117, 118, 120, 129, 130, 132, 133, 134, 136, 138, 139, 140, 142, 151, 153, 155, 156, 160, 161, 168, 170, 171, 172, 181, 193, 194, 198, 202, 208, 217, 219, 220, 224, 225, 226, 227, 238, 244, 245, 246, 247, 248, 249, 251, 257, 258, 260, 264, 270, 279, 281, 282, 283, 289, 298, 299, 300, 301, 302, 304, 305, 306, 307, 309], "summary": {"covered_lines": 97, "num_statements": 130, "percent_covered": 74.61538461538461, "percent_covered_display": "74.62", "missing_lines": 33, "excluded_lines": 0, "percent_statements_covered": 74.61538461538461, "percent_statements_covered_display": "74.62"}, "missing_lines": [162, 163, 165, 166, 174, 175, 176, 178, 179, 199, 200, 204, 205, 206, 229, 230, 232, 235, 236, 261, 262, 266, 267, 268, 285, 286, 287, 311, 312, 313, 314, 315, 316], "excluded_lines": [], "functions": {"HydraClient.__init__": {"executed_lines": [44, 45, 52, 63], "summary": {"covered_lines": 4, "num_statements": 4, "percent_covered": 100.0, "percent_covered_display": "100.00", "missing_lines": 0, "excluded_lines": 0, "percent_statements_covered": 100.0, "percent_statements_covered_display": "100.00"}, "missing_lines": [], "excluded_lines": [], "start_line": 27}, "HydraClient.__aenter__": {"executed_lines": [69, 70], "summary": {"covered_lines": 2, "num_statements": 2, "percent_covered": 100.0, "percent_covered_display": "100.00", "missing_lines": 0, "excluded_lines": 0, "percent_statements_covered": 100.0, "percent_statements_covered_display": "100.00"}, "missing_lines": [], "excluded_lines": [], "start_line": 67}, "HydraClient.__aexit__": {"executed_lines": [74], "summary": {"covered_lines": 1, "num_statements": 1, "percent_covered": 100.0, "percent_covered_display": "100.00", "missing_lines": 0, "excluded_lines": 0, "percent_statements_covered": 100.0, "percent_statements_covered_display": "100.00"}, "missing_lines": [], "excluded_lines": [], "start_line": 72}, "HydraClient.close": {"executed_lines": [78], "summary": {"covered_lines": 1, "num_statements": 1, "percent_covered": 100.0, "percent_covered_display": "100.00", "missing_lines": 0, "excluded_lines": 0, "percent_statements_covered": 100.0, "percent_statements_covered_display": "100.00"}, "missing_lines": [], "excluded_lines": [], "start_line": 76}, "HydraClient.introspect_token": {"executed_lines": [92, 97, 98, 102, 103, 104, 107, 109, 110, 114, 116, 117, 118], "summary": {"covered_lines": 13, "num_statements": 13, "percent_covered": 100.0, "percent_covered_display": "100.00", "missing_lines": 0, "excluded_lines": 0, "percent_statements_covered": 100.0, "percent_statements_covered_display": "100.00"}, "missing_lines": [], "excluded_lines": [], "start_line": 80}, "HydraClient.create_oauth_client": {"executed_lines": [129, 130, 132, 133, 134, 136, 138, 139, 140], "summary": {"covered_lines": 9, "num_statements": 9, "percent_covered": 100.0, "percent_covered_display": "100.00", "missing_lines": 0, "excluded_lines": 0, "percent_statements_covered": 100.0, "percent_statements_covered_display": "100.00"}, "missing_lines": [], "excluded_lines": [], "start_line": 120}, "HydraClient.get_oauth_client": {"executed_lines": [151, 153, 155, 156, 160, 161, 168, 170, 171, 172], "summary": {"covered_lines": 10, "num_statements": 19, "percent_covered": 52.63157894736842, "percent_covered_display": "52.63", "missing_lines": 9, "excluded_lines": 0, "percent_statements_covered": 52.63157894736842, "percent_statements_covered_display": "52.63"}, "missing_lines": [162, 163, 165, 166, 174, 175, 176, 178, 179], "excluded_lines": [], "start_line": 142}, "HydraClient.list_oauth_clients": {"executed_lines": [193, 194, 198, 202], "summary": {"covered_lines": 4, "num_statements": 9, "percent_covered": 44.44444444444444, "percent_covered_display": "44.44", "missing_lines": 5, "excluded_lines": 0, "percent_statements_covered": 44.44444444444444, "percent_statements_covered_display": "44.44"}, "missing_lines": [199, 200, 204, 205, 206], "excluded_lines": [], "start_line": 181}, "HydraClient.delete_oauth_client": {"executed_lines": [217, 219, 220, 224, 225, 226, 227], "summary": {"covered_lines": 7, "num_statements": 12, "percent_covered": 58.333333333333336, "percent_covered_display": "58.33", "missing_lines": 5, "excluded_lines": 0, "percent_statements_covered": 58.333333333333336, "percent_statements_covered_display": "58.33"}, "missing_lines": [229, 230, 232, 235, 236], "excluded_lines": [], "start_line": 208}, "HydraClient.health_check": {"executed_lines": [244, 245, 246, 247, 248, 249], "summary": {"covered_lines": 6, "num_statements": 6, "percent_covered": 100.0, "percent_covered_display": "100.00", "missing_lines": 0, "excluded_lines": 0, "percent_statements_covered": 100.0, "percent_statements_covered_display": "100.00"}, "missing_lines": [], "excluded_lines": [], "start_line": 238}, "HydraClient.get_jwks": {"executed_lines": [257, 258, 260, 264], "summary": {"covered_lines": 4, "num_statements": 9, "percent_covered": 44.44444444444444, "percent_covered_display": "44.44", "missing_lines": 5, "excluded_lines": 0, "percent_statements_covered": 44.44444444444444, "percent_statements_covered_display": "44.44"}, "missing_lines": [261, 262, 266, 267, 268], "excluded_lines": [], "start_line": 251}, "HydraClient.revoke_token": {"executed_lines": [279, 281, 282, 283], "summary": {"covered_lines": 4, "num_statements": 7, "percent_covered": 57.142857142857146, "percent_covered_display": "57.14", "missing_lines": 3, "excluded_lines": 0, "percent_statements_covered": 57.142857142857146, "percent_statements_covered_display": "57.14"}, "missing_lines": [285, 286, 287], "excluded_lines": [], "start_line": 270}, "HydraClient.get_public_key_from_client": {"executed_lines": [298, 299, 300, 301, 302, 304, 305, 306, 307, 309], "summary": {"covered_lines": 10, "num_statements": 16, "percent_covered": 62.5, "percent_covered_display": "62.50", "missing_lines": 6, "excluded_lines": 0, "percent_statements_covered": 62.5, "percent_statements_covered_display": "62.50"}, "missing_lines": [311, 312, 313, 314, 315, 316], "excluded_lines": [], "start_line": 289}, "": {"executed_lines": [6, 8, 9, 11, 12, 14, 17, 18, 21, 27, 67, 72, 76, 80, 120, 142, 181, 208, 238, 251, 270, 289], "summary": {"covered_lines": 22, "num_statements": 22, "percent_covered": 100.0, "percent_covered_display": "100.00", "missing_lines": 0, "excluded_lines": 0, "percent_statements_covered": 100.0, "percent_statements_covered_display": "100.00"}, "missing_lines": [], "excluded_lines": [], "start_line": 1}}, "classes": {"HydraClient": {"executed_lines": [44, 45, 52, 63, 69, 70, 74, 78, 92, 97, 98, 102, 103, 104, 107, 109, 110, 114, 116, 117, 118, 129, 130, 132, 133, 134, 136, 138, 139, 140, 151, 153, 155, 156, 160, 161, 168, 170, 171, 172, 193, 194, 198, 202, 217, 219, 220, 224, 225, 226, 227, 244, 245, 246, 247, 248, 249, 257, 258, 260, 264, 279, 281, 282, 283, 298, 299, 300, 301, 302, 304, 305, 306, 307, 309], "summary": {"covered_lines": 75, "num_statements": 108, "percent_covered": 69.44444444444444, "percent_covered_display": "69.44", "missing_lines": 33, "excluded_lines": 0, "percent_statements_covered": 69.44444444444444, "percent_statements_covered_display": "69.44"}, "missing_lines": [162, 163, 165, 166, 174, 175, 176, 178, 179, 199, 200, 204, 205, 206, 229, 230, 232, 235, 236, 261, 262, 266, 267, 268, 285, 286, 287, 311, 312, 313, 314, 315, 316], "excluded_lines": [], "start_line": 21}, "": {"executed_lines": [6, 8, 9, 11, 12, 14, 17, 18, 21, 27, 67, 72, 76, 80, 120, 142, 181, 208, 238, 251, 270, 289], "summary": {"covered_lines": 22, "num_statements": 22, "percent_covered": 100.0, "percent_covered_display": "100.00", "missing_lines": 0, "excluded_lines": 0, "percent_statements_covered": 100.0, "percent_statements_covered_display": "100.00"}, "missing_lines": [], "excluded_lines": [], "start_line": 1}}}, "bindu/auth/hydra/registration.py": {"executed_lines": [7, 9, 10, 11, 12, 13, 15, 16, 17, 18, 20, 23, 35, 36, 39, 40, 41, 42, 43, 44, 45, 48, 51, 52, 55, 57, 58, 61, 76, 78, 79, 81, 82, 83, 86, 87, 89, 90, 91, 93, 96, 118, 119, 120, 123, 124, 127, 128, 130, 135, 143, 144, 175, 177, 179, 180, 181, 184, 192, 193, 202, 206, 209, 217, 218, 225, 226, 227, 228, 229, 230, 231, 240, 262, 263, 266, 275, 278, 290, 301], "summary": {"covered_lines": 80, "num_statements": 119, "percent_covered": 67.22689075630252, "percent_covered_display": "67.23", "missing_lines": 39, "excluded_lines": 0, "percent_statements_covered": 67.22689075630252, "percent_statements_covered_display": "67.23"}, "missing_lines": [131, 133, 145, 146, 148, 149, 154, 157, 158, 162, 163, 165, 170, 171, 172, 185, 186, 187, 188, 195, 198, 199, 211, 214, 219, 234, 235, 279, 280, 283, 284, 286, 287, 288, 292, 293, 294, 298, 302], "excluded_lines": [], "functions": {"save_agent_credentials": {"executed_lines": [35, 36, 39, 40, 41, 42, 43, 44, 45, 48, 51, 52, 55, 57, 58], "summary": {"covered_lines": 15, "num_statements": 15, "percent_covered": 100.0, "percent_covered_display": "100.00", "missing_lines": 0, "excluded_lines": 0, "percent_statements_covered": 100.0, "percent_statements_covered_display": "100.00"}, "missing_lines": [], "excluded_lines": [], "start_line": 23}, "load_agent_credentials": {"executed_lines": [76, 78, 79, 81, 82, 83, 86, 87, 89, 90, 91, 93], "summary": {"covered_lines": 12, "num_statements": 12, "percent_covered": 100.0, "percent_covered_display": "100.00", "missing_lines": 0, "excluded_lines": 0, "percent_statements_covered": 100.0, "percent_statements_covered_display": "100.00"}, "missing_lines": [], "excluded_lines": [], "start_line": 61}, "register_agent_in_hydra": {"executed_lines": [118, 119, 120, 123, 124, 127, 128, 130, 135, 143, 144, 175, 177, 179, 180, 181, 184, 192, 193, 202, 206, 209, 217, 218, 225, 226, 227, 228, 229, 230, 231, 240, 262, 263, 266, 275, 278, 290, 301], "summary": {"covered_lines": 39, "num_statements": 78, "percent_covered": 50.0, "percent_covered_display": "50.00", "missing_lines": 39, "excluded_lines": 0, "percent_statements_covered": 50.0, "percent_statements_covered_display": "50.00"}, "missing_lines": [131, 133, 145, 146, 148, 149, 154, 157, 158, 162, 163, 165, 170, 171, 172, 185, 186, 187, 188, 195, 198, 199, 211, 214, 219, 234, 235, 279, 280, 283, 284, 286, 287, 288, 292, 293, 294, 298, 302], "excluded_lines": [], "start_line": 96}, "": {"executed_lines": [7, 9, 10, 11, 12, 13, 15, 16, 17, 18, 20, 23, 61, 96], "summary": {"covered_lines": 14, "num_statements": 14, "percent_covered": 100.0, "percent_covered_display": "100.00", "missing_lines": 0, "excluded_lines": 0, "percent_statements_covered": 100.0, "percent_statements_covered_display": "100.00"}, "missing_lines": [], "excluded_lines": [], "start_line": 1}}, "classes": {"": {"executed_lines": [7, 9, 10, 11, 12, 13, 15, 16, 17, 18, 20, 23, 35, 36, 39, 40, 41, 42, 43, 44, 45, 48, 51, 52, 55, 57, 58, 61, 76, 78, 79, 81, 82, 83, 86, 87, 89, 90, 91, 93, 96, 118, 119, 120, 123, 124, 127, 128, 130, 135, 143, 144, 175, 177, 179, 180, 181, 184, 192, 193, 202, 206, 209, 217, 218, 225, 226, 227, 228, 229, 230, 231, 240, 262, 263, 266, 275, 278, 290, 301], "summary": {"covered_lines": 80, "num_statements": 119, "percent_covered": 67.22689075630252, "percent_covered_display": "67.23", "missing_lines": 39, "excluded_lines": 0, "percent_statements_covered": 67.22689075630252, "percent_statements_covered_display": "67.23"}, "missing_lines": [131, 133, 145, 146, 148, 149, 154, 157, 158, 162, 163, 165, 170, 171, 172, 185, 186, 187, 188, 195, 198, 199, 211, 214, 219, 234, 235, 279, 280, 283, 284, 286, 287, 288, 292, 293, 294, 298, 302], "excluded_lines": [], "start_line": 1}}}, "bindu/common/__init__.py": {"executed_lines": [], "summary": {"covered_lines": 0, "num_statements": 0, "percent_covered": 100.0, "percent_covered_display": "100.00", "missing_lines": 0, "excluded_lines": 0, "percent_statements_covered": 100.0, "percent_statements_covered_display": "100.00"}, "missing_lines": [], "excluded_lines": [], "functions": {"": {"executed_lines": [], "summary": {"covered_lines": 0, "num_statements": 0, "percent_covered": 100.0, "percent_covered_display": "100.00", "missing_lines": 0, "excluded_lines": 0, "percent_statements_covered": 100.0, "percent_statements_covered_display": "100.00"}, "missing_lines": [], "excluded_lines": [], "start_line": 1}}, "classes": {"": {"executed_lines": [], "summary": {"covered_lines": 0, "num_statements": 0, "percent_covered": 100.0, "percent_covered_display": "100.00", "missing_lines": 0, "excluded_lines": 0, "percent_statements_covered": 100.0, "percent_statements_covered_display": "100.00"}, "missing_lines": [], "excluded_lines": [], "start_line": 1}}}, "bindu/common/models.py": {"executed_lines": [16, 18, 19, 20, 22, 24, 32, 33, 40, 41, 42, 43, 44, 45, 48, 49, 56, 57, 60, 61, 68, 69, 70, 71, 72, 73, 74, 75, 76, 77, 80, 81, 87, 88, 91, 92, 99, 100, 101, 102, 103, 104, 105, 106, 107, 108, 109, 112, 113, 120, 121, 122, 123, 124, 125, 126, 127, 128, 131, 132, 139, 140, 141, 144, 145, 148, 149, 152, 153, 166, 167, 168, 169, 170, 171, 172, 175, 178, 179, 182, 183, 184, 185, 186, 189, 190, 195, 196, 202, 203, 204, 205, 206, 207, 210, 213, 216, 218, 263, 264, 270, 271, 272, 273, 274, 275, 276, 277, 278, 279, 280, 281, 282, 285, 286, 292, 293, 294, 295, 296, 299, 300, 301, 302, 305, 306, 312, 313, 314, 315, 316, 318, 320, 328, 329, 331], "summary": {"covered_lines": 136, "num_statements": 140, "percent_covered": 97.14285714285714, "percent_covered_display": "97.14", "missing_lines": 4, "excluded_lines": 3, "percent_statements_covered": 97.14285714285714, "percent_statements_covered_display": "97.14"}, "missing_lines": [226, 248, 249, 251], "excluded_lines": [253, 254, 255], "functions": {"AgentManifest.to_agent_card": {"executed_lines": [], "summary": {"covered_lines": 0, "num_statements": 4, "percent_covered": 0.0, "percent_covered_display": "0.00", "missing_lines": 4, "excluded_lines": 0, "percent_statements_covered": 0.0, "percent_statements_covered_display": "0.00"}, "missing_lines": [226, 248, 249, 251], "excluded_lines": [], "start_line": 218}, "AgentManifest.__repr__": {"executed_lines": [], "summary": {"covered_lines": 0, "num_statements": 0, "percent_covered": 100.0, "percent_covered_display": "100.00", "missing_lines": 0, "excluded_lines": 2, "percent_statements_covered": 100.0, "percent_statements_covered_display": "100.00"}, "missing_lines": [], "excluded_lines": [254, 255], "start_line": 253}, "AgentCredentials.to_dict": {"executed_lines": [320], "summary": {"covered_lines": 1, "num_statements": 1, "percent_covered": 100.0, "percent_covered_display": "100.00", "missing_lines": 0, "excluded_lines": 0, "percent_statements_covered": 100.0, "percent_statements_covered_display": "100.00"}, "missing_lines": [], "excluded_lines": [], "start_line": 318}, "AgentCredentials.from_dict": {"executed_lines": [331], "summary": {"covered_lines": 1, "num_statements": 1, "percent_covered": 100.0, "percent_covered_display": "100.00", "missing_lines": 0, "excluded_lines": 0, "percent_statements_covered": 100.0, "percent_statements_covered_display": "100.00"}, "missing_lines": [], "excluded_lines": [], "start_line": 329}, "": {"executed_lines": [16, 18, 19, 20, 22, 24, 32, 33, 40, 41, 42, 43, 44, 45, 48, 49, 56, 57, 60, 61, 68, 69, 70, 71, 72, 73, 74, 75, 76, 77, 80, 81, 87, 88, 91, 92, 99, 100, 101, 102, 103, 104, 105, 106, 107, 108, 109, 112, 113, 120, 121, 122, 123, 124, 125, 126, 127, 128, 131, 132, 139, 140, 141, 144, 145, 148, 149, 152, 153, 166, 167, 168, 169, 170, 171, 172, 175, 178, 179, 182, 183, 184, 185, 186, 189, 190, 195, 196, 202, 203, 204, 205, 206, 207, 210, 213, 216, 218, 263, 264, 270, 271, 272, 273, 274, 275, 276, 277, 278, 279, 280, 281, 282, 285, 286, 292, 293, 294, 295, 296, 299, 300, 301, 302, 305, 306, 312, 313, 314, 315, 316, 318, 328, 329], "summary": {"covered_lines": 134, "num_statements": 134, "percent_covered": 100.0, "percent_covered_display": "100.00", "missing_lines": 0, "excluded_lines": 1, "percent_statements_covered": 100.0, "percent_statements_covered_display": "100.00"}, "missing_lines": [], "excluded_lines": [253], "start_line": 1}}, "classes": {"DeploymentConfig": {"executed_lines": [], "summary": {"covered_lines": 0, "num_statements": 0, "percent_covered": 100.0, "percent_covered_display": "100.00", "missing_lines": 0, "excluded_lines": 0, "percent_statements_covered": 100.0, "percent_statements_covered_display": "100.00"}, "missing_lines": [], "excluded_lines": [], "start_line": 33}, "StorageConfig": {"executed_lines": [], "summary": {"covered_lines": 0, "num_statements": 0, "percent_covered": 100.0, "percent_covered_display": "100.00", "missing_lines": 0, "excluded_lines": 0, "percent_statements_covered": 100.0, "percent_statements_covered_display": "100.00"}, "missing_lines": [], "excluded_lines": [], "start_line": 49}, "SchedulerConfig": {"executed_lines": [], "summary": {"covered_lines": 0, "num_statements": 0, "percent_covered": 100.0, "percent_covered_display": "100.00", "missing_lines": 0, "excluded_lines": 0, "percent_statements_covered": 100.0, "percent_statements_covered_display": "100.00"}, "missing_lines": [], "excluded_lines": [], "start_line": 61}, "OLTPConfig": {"executed_lines": [], "summary": {"covered_lines": 0, "num_statements": 0, "percent_covered": 100.0, "percent_covered_display": "100.00", "missing_lines": 0, "excluded_lines": 0, "percent_statements_covered": 100.0, "percent_statements_covered_display": "100.00"}, "missing_lines": [], "excluded_lines": [], "start_line": 81}, "TelemetryConfig": {"executed_lines": [], "summary": {"covered_lines": 0, "num_statements": 0, "percent_covered": 100.0, "percent_covered_display": "100.00", "missing_lines": 0, "excluded_lines": 0, "percent_statements_covered": 100.0, "percent_statements_covered_display": "100.00"}, "missing_lines": [], "excluded_lines": [], "start_line": 92}, "SentryConfig": {"executed_lines": [], "summary": {"covered_lines": 0, "num_statements": 0, "percent_covered": 100.0, "percent_covered_display": "100.00", "missing_lines": 0, "excluded_lines": 0, "percent_statements_covered": 100.0, "percent_statements_covered_display": "100.00"}, "missing_lines": [], "excluded_lines": [], "start_line": 113}, "AgentFrameworkSpec": {"executed_lines": [], "summary": {"covered_lines": 0, "num_statements": 0, "percent_covered": 100.0, "percent_covered_display": "100.00", "missing_lines": 0, "excluded_lines": 0, "percent_statements_covered": 100.0, "percent_statements_covered_display": "100.00"}, "missing_lines": [], "excluded_lines": [], "start_line": 132}, "VerifyResponse": {"executed_lines": [], "summary": {"covered_lines": 0, "num_statements": 0, "percent_covered": 100.0, "percent_covered_display": "100.00", "missing_lines": 0, "excluded_lines": 0, "percent_statements_covered": 100.0, "percent_statements_covered_display": "100.00"}, "missing_lines": [], "excluded_lines": [], "start_line": 145}, "AgentManifest": {"executed_lines": [], "summary": {"covered_lines": 0, "num_statements": 4, "percent_covered": 0.0, "percent_covered_display": "0.00", "missing_lines": 4, "excluded_lines": 2, "percent_statements_covered": 0.0, "percent_statements_covered_display": "0.00"}, "missing_lines": [226, 248, 249, 251], "excluded_lines": [254, 255], "start_line": 153}, "TokenIntrospectionResult": {"executed_lines": [], "summary": {"covered_lines": 0, "num_statements": 0, "percent_covered": 100.0, "percent_covered_display": "100.00", "missing_lines": 0, "excluded_lines": 0, "percent_statements_covered": 100.0, "percent_statements_covered_display": "100.00"}, "missing_lines": [], "excluded_lines": [], "start_line": 264}, "OAuthClient": {"executed_lines": [], "summary": {"covered_lines": 0, "num_statements": 0, "percent_covered": 100.0, "percent_covered_display": "100.00", "missing_lines": 0, "excluded_lines": 0, "percent_statements_covered": 100.0, "percent_statements_covered_display": "100.00"}, "missing_lines": [], "excluded_lines": [], "start_line": 286}, "AgentCredentials": {"executed_lines": [320, 331], "summary": {"covered_lines": 2, "num_statements": 2, "percent_covered": 100.0, "percent_covered_display": "100.00", "missing_lines": 0, "excluded_lines": 0, "percent_statements_covered": 100.0, "percent_statements_covered_display": "100.00"}, "missing_lines": [], "excluded_lines": [], "start_line": 306}, "": {"executed_lines": [16, 18, 19, 20, 22, 24, 32, 33, 40, 41, 42, 43, 44, 45, 48, 49, 56, 57, 60, 61, 68, 69, 70, 71, 72, 73, 74, 75, 76, 77, 80, 81, 87, 88, 91, 92, 99, 100, 101, 102, 103, 104, 105, 106, 107, 108, 109, 112, 113, 120, 121, 122, 123, 124, 125, 126, 127, 128, 131, 132, 139, 140, 141, 144, 145, 148, 149, 152, 153, 166, 167, 168, 169, 170, 171, 172, 175, 178, 179, 182, 183, 184, 185, 186, 189, 190, 195, 196, 202, 203, 204, 205, 206, 207, 210, 213, 216, 218, 263, 264, 270, 271, 272, 273, 274, 275, 276, 277, 278, 279, 280, 281, 282, 285, 286, 292, 293, 294, 295, 296, 299, 300, 301, 302, 305, 306, 312, 313, 314, 315, 316, 318, 328, 329], "summary": {"covered_lines": 134, "num_statements": 134, "percent_covered": 100.0, "percent_covered_display": "100.00", "missing_lines": 0, "excluded_lines": 1, "percent_statements_covered": 100.0, "percent_statements_covered_display": "100.00"}, "missing_lines": [], "excluded_lines": [253], "start_line": 1}}}, "bindu/common/protocol/__init__.py": {"executed_lines": [], "summary": {"covered_lines": 0, "num_statements": 0, "percent_covered": 100.0, "percent_covered_display": "100.00", "missing_lines": 0, "excluded_lines": 0, "percent_statements_covered": 100.0, "percent_statements_covered_display": "100.00"}, "missing_lines": [], "excluded_lines": [], "functions": {"": {"executed_lines": [], "summary": {"covered_lines": 0, "num_statements": 0, "percent_covered": 100.0, "percent_covered_display": "100.00", "missing_lines": 0, "excluded_lines": 0, "percent_statements_covered": 100.0, "percent_statements_covered_display": "100.00"}, "missing_lines": [], "excluded_lines": [], "start_line": 1}}, "classes": {"": {"executed_lines": [], "summary": {"covered_lines": 0, "num_statements": 0, "percent_covered": 100.0, "percent_covered_display": "100.00", "missing_lines": 0, "excluded_lines": 0, "percent_statements_covered": 100.0, "percent_statements_covered_display": "100.00"}, "missing_lines": [], "excluded_lines": [], "start_line": 1}}}, "bindu/common/protocol/types.py": {"executed_lines": [33, 35, 36, 38, 39, 40, 41, 48, 49, 51, 53, 73, 80, 87, 100, 105, 106, 107, 108, 109, 116, 117, 120, 121, 123, 124, 126, 127, 129, 130, 133, 134, 137, 138, 140, 141, 143, 144, 146, 147, 150, 151, 154, 155, 158, 159, 165, 166, 168, 169, 171, 172, 175, 178, 179, 181, 182, 184, 185, 188, 195, 196, 207, 208, 210, 211, 213, 214, 216, 217, 219, 220, 222, 223, 225, 226, 228, 229, 232, 233, 256, 257, 259, 260, 262, 263, 265, 266, 268, 269, 271, 272, 274, 275, 277, 278, 280, 281, 289, 290, 293, 294, 296, 297, 299, 300, 302, 303, 306, 307, 310, 311, 313, 314, 316, 317, 319, 320, 323, 324, 327, 328, 330, 331, 333, 334, 337, 338, 341, 342, 344, 345, 347, 348, 351, 352, 355, 356, 358, 359, 362, 379, 380, 386, 387, 389, 390, 392, 393, 395, 396, 399, 400, 403, 404, 406, 407, 410, 411, 414, 415, 417, 418, 420, 421, 433, 434, 437, 438, 439, 440, 443, 444, 477, 478, 480, 481, 483, 484, 486, 487, 489, 490, 492, 493, 495, 496, 499, 500, 506, 507, 509, 510, 512, 513, 515, 516, 518, 519, 521, 522, 525, 526, 532, 533, 535, 536, 538, 539, 541, 542, 544, 545, 547, 548, 550, 551, 554, 555, 558, 559, 561, 562, 564, 565, 567, 568, 570, 571, 573, 574, 577, 578, 581, 582, 584, 585, 588, 589, 592, 593, 596, 597, 600, 601, 603, 604, 607, 608, 611, 612, 614, 615, 617, 618, 620, 621, 624, 625, 628, 629, 631, 632, 634, 635, 637, 638, 640, 641, 648, 649, 652, 653, 655, 656, 658, 659, 662, 663, 666, 667, 669, 670, 673, 674, 677, 678, 680, 681, 683, 684, 692, 693, 727, 728, 730, 731, 733, 734, 736, 737, 739, 740, 742, 743, 745, 746, 748, 749, 751, 752, 754, 755, 757, 758, 760, 761, 763, 764, 766, 767, 775, 776, 779, 780, 782, 783, 786, 787, 790, 791, 794, 795, 798, 799, 801, 802, 810, 811, 814, 815, 817, 818, 820, 821, 823, 824, 826, 827, 829, 830, 833, 834, 837, 838, 840, 841, 843, 844, 846, 847, 855, 856, 859, 860, 862, 863, 865, 866, 868, 869, 871, 872, 874, 875, 877, 878, 880, 881, 883, 884, 886, 887, 890, 891, 894, 895, 897, 898, 901, 902, 905, 906, 908, 909, 911, 912, 914, 915, 918, 919, 922, 923, 925, 926, 928, 929, 931, 932, 935, 936, 939, 940, 942, 943, 945, 946, 948, 949, 951, 952, 955, 956, 959, 960, 962, 963, 966, 967, 970, 971, 973, 974, 976, 977, 979, 980, 983, 984, 987, 988, 990, 991, 993, 994, 996, 997, 999, 1000, 1002, 1003, 1006, 1007, 1010, 1011, 1013, 1014, 1016, 1017, 1019, 1020, 1023, 1024, 1027, 1028, 1030, 1031, 1033, 1034, 1038, 1039, 1041, 1042, 1044, 1045, 1047, 1048, 1050, 1051, 1054, 1055, 1062, 1063, 1069, 1070, 1075, 1076, 1080, 1081, 1084, 1085, 1088, 1089, 1093, 1094, 1100, 1101, 1103, 1104, 1108, 1109, 1114, 1115, 1118, 1119, 1123, 1124, 1130, 1131, 1133, 1134, 1153, 1154, 1157, 1158, 1160, 1161, 1163, 1164, 1166, 1167, 1169, 1170, 1172, 1173, 1176, 1177, 1189, 1190, 1192, 1193, 1213, 1214, 1217, 1218, 1220, 1221, 1223, 1224, 1226, 1227, 1229, 1230, 1233, 1234, 1237, 1238, 1240, 1241, 1243, 1244, 1246, 1247, 1249, 1250, 1252, 1253, 1256, 1257, 1260, 1261, 1263, 1264, 1266, 1267, 1269, 1270, 1272, 1273, 1275, 1276, 1278, 1279, 1281, 1282, 1289, 1290, 1292, 1293, 1296, 1299, 1300, 1303, 1306, 1307, 1310, 1313, 1314, 1315, 1318, 1321, 1322, 1325, 1331, 1337, 1344, 1351, 1361, 1368, 1375, 1382, 1389, 1396, 1402, 1411, 1421, 1428, 1434, 1440, 1446, 1456, 1463, 1473, 1485, 1486, 1490, 1491, 1493, 1494, 1496, 1497, 1501, 1502, 1506, 1507, 1509, 1510, 1514, 1515, 1519, 1522, 1526, 1529, 1533, 1534, 1538, 1541, 1545, 1549, 1553, 1572, 1588, 1589, 1590, 1593, 1596, 1599, 1609, 1610, 1613, 1614, 1616, 1617, 1619, 1620, 1622, 1623, 1625, 1626, 1628, 1629, 1631, 1632, 1635, 1636, 1639, 1640, 1642, 1643, 1645, 1646, 1648, 1649, 1651, 1652, 1654, 1655, 1656, 1657, 1665, 1666, 1669, 1670, 1672, 1673, 1675, 1676, 1678, 1679, 1681, 1682, 1684, 1685, 1688, 1689, 1692, 1693, 1695, 1696, 1698, 1699, 1702, 1703, 1706, 1707, 1709, 1710, 1712, 1713, 1715, 1716, 1719, 1720, 1728, 1729, 1731, 1732, 1734, 1735, 1740, 1741, 1746, 1747, 1752, 1753, 1755, 1756, 1759, 1760, 1766, 1767, 1772, 1773, 1782, 1783, 1793, 1794, 1804, 1805, 1807, 1808, 1814, 1815, 1833, 1834, 1837, 1838, 1840, 1841, 1843, 1844, 1846, 1847, 1850, 1851, 1854, 1855, 1857, 1858, 1860, 1861, 1866, 1867, 1869, 1870, 1872, 1873, 1875, 1876, 1878, 1879, 1881, 1882, 1884, 1885, 1887, 1888, 1890, 1891, 1893, 1894, 1896, 1897, 1899, 1900, 1902, 1903, 1905, 1906, 1908, 1909, 1911, 1912, 1914, 1915, 1917, 1918, 1920, 1921, 1923, 1924, 1926, 1927, 1929, 1930, 1933, 1936, 1937, 1938, 1939, 1940, 1941], "summary": {"covered_lines": 812, "num_statements": 812, "percent_covered": 100.0, "percent_covered_display": "100.00", "missing_lines": 0, "excluded_lines": 0, "percent_statements_covered": 100.0, "percent_statements_covered_display": "100.00"}, "missing_lines": [], "excluded_lines": [], "functions": {"": {"executed_lines": [33, 35, 36, 38, 39, 40, 41, 48, 49, 51, 53, 73, 80, 87, 100, 105, 106, 107, 108, 109, 116, 117, 120, 121, 123, 124, 126, 127, 129, 130, 133, 134, 137, 138, 140, 141, 143, 144, 146, 147, 150, 151, 154, 155, 158, 159, 165, 166, 168, 169, 171, 172, 175, 178, 179, 181, 182, 184, 185, 188, 195, 196, 207, 208, 210, 211, 213, 214, 216, 217, 219, 220, 222, 223, 225, 226, 228, 229, 232, 233, 256, 257, 259, 260, 262, 263, 265, 266, 268, 269, 271, 272, 274, 275, 277, 278, 280, 281, 289, 290, 293, 294, 296, 297, 299, 300, 302, 303, 306, 307, 310, 311, 313, 314, 316, 317, 319, 320, 323, 324, 327, 328, 330, 331, 333, 334, 337, 338, 341, 342, 344, 345, 347, 348, 351, 352, 355, 356, 358, 359, 362, 379, 380, 386, 387, 389, 390, 392, 393, 395, 396, 399, 400, 403, 404, 406, 407, 410, 411, 414, 415, 417, 418, 420, 421, 433, 434, 437, 438, 439, 440, 443, 444, 477, 478, 480, 481, 483, 484, 486, 487, 489, 490, 492, 493, 495, 496, 499, 500, 506, 507, 509, 510, 512, 513, 515, 516, 518, 519, 521, 522, 525, 526, 532, 533, 535, 536, 538, 539, 541, 542, 544, 545, 547, 548, 550, 551, 554, 555, 558, 559, 561, 562, 564, 565, 567, 568, 570, 571, 573, 574, 577, 578, 581, 582, 584, 585, 588, 589, 592, 593, 596, 597, 600, 601, 603, 604, 607, 608, 611, 612, 614, 615, 617, 618, 620, 621, 624, 625, 628, 629, 631, 632, 634, 635, 637, 638, 640, 641, 648, 649, 652, 653, 655, 656, 658, 659, 662, 663, 666, 667, 669, 670, 673, 674, 677, 678, 680, 681, 683, 684, 692, 693, 727, 728, 730, 731, 733, 734, 736, 737, 739, 740, 742, 743, 745, 746, 748, 749, 751, 752, 754, 755, 757, 758, 760, 761, 763, 764, 766, 767, 775, 776, 779, 780, 782, 783, 786, 787, 790, 791, 794, 795, 798, 799, 801, 802, 810, 811, 814, 815, 817, 818, 820, 821, 823, 824, 826, 827, 829, 830, 833, 834, 837, 838, 840, 841, 843, 844, 846, 847, 855, 856, 859, 860, 862, 863, 865, 866, 868, 869, 871, 872, 874, 875, 877, 878, 880, 881, 883, 884, 886, 887, 890, 891, 894, 895, 897, 898, 901, 902, 905, 906, 908, 909, 911, 912, 914, 915, 918, 919, 922, 923, 925, 926, 928, 929, 931, 932, 935, 936, 939, 940, 942, 943, 945, 946, 948, 949, 951, 952, 955, 956, 959, 960, 962, 963, 966, 967, 970, 971, 973, 974, 976, 977, 979, 980, 983, 984, 987, 988, 990, 991, 993, 994, 996, 997, 999, 1000, 1002, 1003, 1006, 1007, 1010, 1011, 1013, 1014, 1016, 1017, 1019, 1020, 1023, 1024, 1027, 1028, 1030, 1031, 1033, 1034, 1038, 1039, 1041, 1042, 1044, 1045, 1047, 1048, 1050, 1051, 1054, 1055, 1062, 1063, 1069, 1070, 1075, 1076, 1080, 1081, 1084, 1085, 1088, 1089, 1093, 1094, 1100, 1101, 1103, 1104, 1108, 1109, 1114, 1115, 1118, 1119, 1123, 1124, 1130, 1131, 1133, 1134, 1153, 1154, 1157, 1158, 1160, 1161, 1163, 1164, 1166, 1167, 1169, 1170, 1172, 1173, 1176, 1177, 1189, 1190, 1192, 1193, 1213, 1214, 1217, 1218, 1220, 1221, 1223, 1224, 1226, 1227, 1229, 1230, 1233, 1234, 1237, 1238, 1240, 1241, 1243, 1244, 1246, 1247, 1249, 1250, 1252, 1253, 1256, 1257, 1260, 1261, 1263, 1264, 1266, 1267, 1269, 1270, 1272, 1273, 1275, 1276, 1278, 1279, 1281, 1282, 1289, 1290, 1292, 1293, 1296, 1299, 1300, 1303, 1306, 1307, 1310, 1313, 1314, 1315, 1318, 1321, 1322, 1325, 1331, 1337, 1344, 1351, 1361, 1368, 1375, 1382, 1389, 1396, 1402, 1411, 1421, 1428, 1434, 1440, 1446, 1456, 1463, 1473, 1485, 1486, 1490, 1491, 1493, 1494, 1496, 1497, 1501, 1502, 1506, 1507, 1509, 1510, 1514, 1515, 1519, 1522, 1526, 1529, 1533, 1534, 1538, 1541, 1545, 1549, 1553, 1572, 1588, 1589, 1590, 1593, 1596, 1599, 1609, 1610, 1613, 1614, 1616, 1617, 1619, 1620, 1622, 1623, 1625, 1626, 1628, 1629, 1631, 1632, 1635, 1636, 1639, 1640, 1642, 1643, 1645, 1646, 1648, 1649, 1651, 1652, 1654, 1655, 1656, 1657, 1665, 1666, 1669, 1670, 1672, 1673, 1675, 1676, 1678, 1679, 1681, 1682, 1684, 1685, 1688, 1689, 1692, 1693, 1695, 1696, 1698, 1699, 1702, 1703, 1706, 1707, 1709, 1710, 1712, 1713, 1715, 1716, 1719, 1720, 1728, 1729, 1731, 1732, 1734, 1735, 1740, 1741, 1746, 1747, 1752, 1753, 1755, 1756, 1759, 1760, 1766, 1767, 1772, 1773, 1782, 1783, 1793, 1794, 1804, 1805, 1807, 1808, 1814, 1815, 1833, 1834, 1837, 1838, 1840, 1841, 1843, 1844, 1846, 1847, 1850, 1851, 1854, 1855, 1857, 1858, 1860, 1861, 1866, 1867, 1869, 1870, 1872, 1873, 1875, 1876, 1878, 1879, 1881, 1882, 1884, 1885, 1887, 1888, 1890, 1891, 1893, 1894, 1896, 1897, 1899, 1900, 1902, 1903, 1905, 1906, 1908, 1909, 1911, 1912, 1914, 1915, 1917, 1918, 1920, 1921, 1923, 1924, 1926, 1927, 1929, 1930, 1933, 1936, 1937, 1938, 1939, 1940, 1941], "summary": {"covered_lines": 812, "num_statements": 812, "percent_covered": 100.0, "percent_covered_display": "100.00", "missing_lines": 0, "excluded_lines": 0, "percent_statements_covered": 100.0, "percent_statements_covered_display": "100.00"}, "missing_lines": [], "excluded_lines": [], "start_line": 1}}, "classes": {"TextPart": {"executed_lines": [], "summary": {"covered_lines": 0, "num_statements": 0, "percent_covered": 100.0, "percent_covered_display": "100.00", "missing_lines": 0, "excluded_lines": 0, "percent_statements_covered": 100.0, "percent_statements_covered_display": "100.00"}, "missing_lines": [], "excluded_lines": [], "start_line": 117}, "FileWithBytes": {"executed_lines": [], "summary": {"covered_lines": 0, "num_statements": 0, "percent_covered": 100.0, "percent_covered_display": "100.00", "missing_lines": 0, "excluded_lines": 0, "percent_statements_covered": 100.0, "percent_statements_covered_display": "100.00"}, "missing_lines": [], "excluded_lines": [], "start_line": 134}, "FileWithUri": {"executed_lines": [], "summary": {"covered_lines": 0, "num_statements": 0, "percent_covered": 100.0, "percent_covered_display": "100.00", "missing_lines": 0, "excluded_lines": 0, "percent_statements_covered": 100.0, "percent_statements_covered_display": "100.00"}, "missing_lines": [], "excluded_lines": [], "start_line": 151}, "FilePart": {"executed_lines": [], "summary": {"covered_lines": 0, "num_statements": 0, "percent_covered": 100.0, "percent_covered_display": "100.00", "missing_lines": 0, "excluded_lines": 0, "percent_statements_covered": 100.0, "percent_statements_covered_display": "100.00"}, "missing_lines": [], "excluded_lines": [], "start_line": 159}, "DataPart": {"executed_lines": [], "summary": {"covered_lines": 0, "num_statements": 0, "percent_covered": 100.0, "percent_covered_display": "100.00", "missing_lines": 0, "excluded_lines": 0, "percent_statements_covered": 100.0, "percent_statements_covered_display": "100.00"}, "missing_lines": [], "excluded_lines": [], "start_line": 175}, "Artifact": {"executed_lines": [], "summary": {"covered_lines": 0, "num_statements": 0, "percent_covered": 100.0, "percent_covered_display": "100.00", "missing_lines": 0, "excluded_lines": 0, "percent_statements_covered": 100.0, "percent_statements_covered_display": "100.00"}, "missing_lines": [], "excluded_lines": [], "start_line": 196}, "Message": {"executed_lines": [], "summary": {"covered_lines": 0, "num_statements": 0, "percent_covered": 100.0, "percent_covered_display": "100.00", "missing_lines": 0, "excluded_lines": 0, "percent_statements_covered": 100.0, "percent_statements_covered_display": "100.00"}, "missing_lines": [], "excluded_lines": [], "start_line": 233}, "HTTPAuthSecurityScheme": {"executed_lines": [], "summary": {"covered_lines": 0, "num_statements": 0, "percent_covered": 100.0, "percent_covered_display": "100.00", "missing_lines": 0, "excluded_lines": 0, "percent_statements_covered": 100.0, "percent_statements_covered_display": "100.00"}, "missing_lines": [], "excluded_lines": [], "start_line": 290}, "APIKeySecurityScheme": {"executed_lines": [], "summary": {"covered_lines": 0, "num_statements": 0, "percent_covered": 100.0, "percent_covered_display": "100.00", "missing_lines": 0, "excluded_lines": 0, "percent_statements_covered": 100.0, "percent_statements_covered_display": "100.00"}, "missing_lines": [], "excluded_lines": [], "start_line": 307}, "OAuth2SecurityScheme": {"executed_lines": [], "summary": {"covered_lines": 0, "num_statements": 0, "percent_covered": 100.0, "percent_covered_display": "100.00", "missing_lines": 0, "excluded_lines": 0, "percent_statements_covered": 100.0, "percent_statements_covered_display": "100.00"}, "missing_lines": [], "excluded_lines": [], "start_line": 324}, "OpenIdConnectSecurityScheme": {"executed_lines": [], "summary": {"covered_lines": 0, "num_statements": 0, "percent_covered": 100.0, "percent_covered_display": "100.00", "missing_lines": 0, "excluded_lines": 0, "percent_statements_covered": 100.0, "percent_statements_covered_display": "100.00"}, "missing_lines": [], "excluded_lines": [], "start_line": 338}, "MutualTLSSecurityScheme": {"executed_lines": [], "summary": {"covered_lines": 0, "num_statements": 0, "percent_covered": 100.0, "percent_covered_display": "100.00", "missing_lines": 0, "excluded_lines": 0, "percent_statements_covered": 100.0, "percent_statements_covered_display": "100.00"}, "missing_lines": [], "excluded_lines": [], "start_line": 352}, "PushNotificationConfig": {"executed_lines": [], "summary": {"covered_lines": 0, "num_statements": 0, "percent_covered": 100.0, "percent_covered_display": "100.00", "missing_lines": 0, "excluded_lines": 0, "percent_statements_covered": 100.0, "percent_statements_covered_display": "100.00"}, "missing_lines": [], "excluded_lines": [], "start_line": 380}, "PushNotificationAuthenticationInfo": {"executed_lines": [], "summary": {"covered_lines": 0, "num_statements": 0, "percent_covered": 100.0, "percent_covered_display": "100.00", "missing_lines": 0, "excluded_lines": 0, "percent_statements_covered": 100.0, "percent_statements_covered_display": "100.00"}, "missing_lines": [], "excluded_lines": [], "start_line": 400}, "TaskPushNotificationConfig": {"executed_lines": [], "summary": {"covered_lines": 0, "num_statements": 0, "percent_covered": 100.0, "percent_covered_display": "100.00", "missing_lines": 0, "excluded_lines": 0, "percent_statements_covered": 100.0, "percent_statements_covered_display": "100.00"}, "missing_lines": [], "excluded_lines": [], "start_line": 411}, "TaskStatus": {"executed_lines": [], "summary": {"covered_lines": 0, "num_statements": 0, "percent_covered": 100.0, "percent_covered_display": "100.00", "missing_lines": 0, "excluded_lines": 0, "percent_statements_covered": 100.0, "percent_statements_covered_display": "100.00"}, "missing_lines": [], "excluded_lines": [], "start_line": 434}, "Task": {"executed_lines": [], "summary": {"covered_lines": 0, "num_statements": 0, "percent_covered": 100.0, "percent_covered_display": "100.00", "missing_lines": 0, "excluded_lines": 0, "percent_statements_covered": 100.0, "percent_statements_covered_display": "100.00"}, "missing_lines": [], "excluded_lines": [], "start_line": 444}, "TaskStatusUpdateEvent": {"executed_lines": [], "summary": {"covered_lines": 0, "num_statements": 0, "percent_covered": 100.0, "percent_covered_display": "100.00", "missing_lines": 0, "excluded_lines": 0, "percent_statements_covered": 100.0, "percent_statements_covered_display": "100.00"}, "missing_lines": [], "excluded_lines": [], "start_line": 500}, "TaskArtifactUpdateEvent": {"executed_lines": [], "summary": {"covered_lines": 0, "num_statements": 0, "percent_covered": 100.0, "percent_covered_display": "100.00", "missing_lines": 0, "excluded_lines": 0, "percent_statements_covered": 100.0, "percent_statements_covered_display": "100.00"}, "missing_lines": [], "excluded_lines": [], "start_line": 526}, "TaskSendParams": {"executed_lines": [], "summary": {"covered_lines": 0, "num_statements": 0, "percent_covered": 100.0, "percent_covered_display": "100.00", "missing_lines": 0, "excluded_lines": 0, "percent_statements_covered": 100.0, "percent_statements_covered_display": "100.00"}, "missing_lines": [], "excluded_lines": [], "start_line": 555}, "TaskIdParams": {"executed_lines": [], "summary": {"covered_lines": 0, "num_statements": 0, "percent_covered": 100.0, "percent_covered_display": "100.00", "missing_lines": 0, "excluded_lines": 0, "percent_statements_covered": 100.0, "percent_statements_covered_display": "100.00"}, "missing_lines": [], "excluded_lines": [], "start_line": 578}, "TaskQueryParams": {"executed_lines": [], "summary": {"covered_lines": 0, "num_statements": 0, "percent_covered": 100.0, "percent_covered_display": "100.00", "missing_lines": 0, "excluded_lines": 0, "percent_statements_covered": 100.0, "percent_statements_covered_display": "100.00"}, "missing_lines": [], "excluded_lines": [], "start_line": 589}, "ListTasksParams": {"executed_lines": [], "summary": {"covered_lines": 0, "num_statements": 0, "percent_covered": 100.0, "percent_covered_display": "100.00", "missing_lines": 0, "excluded_lines": 0, "percent_statements_covered": 100.0, "percent_statements_covered_display": "100.00"}, "missing_lines": [], "excluded_lines": [], "start_line": 597}, "TaskFeedbackParams": {"executed_lines": [], "summary": {"covered_lines": 0, "num_statements": 0, "percent_covered": 100.0, "percent_covered_display": "100.00", "missing_lines": 0, "excluded_lines": 0, "percent_statements_covered": 100.0, "percent_statements_covered_display": "100.00"}, "missing_lines": [], "excluded_lines": [], "start_line": 608}, "MessageSendConfiguration": {"executed_lines": [], "summary": {"covered_lines": 0, "num_statements": 0, "percent_covered": 100.0, "percent_covered_display": "100.00", "missing_lines": 0, "excluded_lines": 0, "percent_statements_covered": 100.0, "percent_statements_covered_display": "100.00"}, "missing_lines": [], "excluded_lines": [], "start_line": 625}, "MessageSendParams": {"executed_lines": [], "summary": {"covered_lines": 0, "num_statements": 0, "percent_covered": 100.0, "percent_covered_display": "100.00", "missing_lines": 0, "excluded_lines": 0, "percent_statements_covered": 100.0, "percent_statements_covered_display": "100.00"}, "missing_lines": [], "excluded_lines": [], "start_line": 649}, "ListTaskPushNotificationConfigParams": {"executed_lines": [], "summary": {"covered_lines": 0, "num_statements": 0, "percent_covered": 100.0, "percent_covered_display": "100.00", "missing_lines": 0, "excluded_lines": 0, "percent_statements_covered": 100.0, "percent_statements_covered_display": "100.00"}, "missing_lines": [], "excluded_lines": [], "start_line": 663}, "DeleteTaskPushNotificationConfigParams": {"executed_lines": [], "summary": {"covered_lines": 0, "num_statements": 0, "percent_covered": 100.0, "percent_covered_display": "100.00", "missing_lines": 0, "excluded_lines": 0, "percent_statements_covered": 100.0, "percent_statements_covered_display": "100.00"}, "missing_lines": [], "excluded_lines": [], "start_line": 674}, "Context": {"executed_lines": [], "summary": {"covered_lines": 0, "num_statements": 0, "percent_covered": 100.0, "percent_covered_display": "100.00", "missing_lines": 0, "excluded_lines": 0, "percent_statements_covered": 100.0, "percent_statements_covered_display": "100.00"}, "missing_lines": [], "excluded_lines": [], "start_line": 693}, "ContextIdParams": {"executed_lines": [], "summary": {"covered_lines": 0, "num_statements": 0, "percent_covered": 100.0, "percent_covered_display": "100.00", "missing_lines": 0, "excluded_lines": 0, "percent_statements_covered": 100.0, "percent_statements_covered_display": "100.00"}, "missing_lines": [], "excluded_lines": [], "start_line": 776}, "ContextQueryParams": {"executed_lines": [], "summary": {"covered_lines": 0, "num_statements": 0, "percent_covered": 100.0, "percent_covered_display": "100.00", "missing_lines": 0, "excluded_lines": 0, "percent_statements_covered": 100.0, "percent_statements_covered_display": "100.00"}, "missing_lines": [], "excluded_lines": [], "start_line": 787}, "ListContextsParams": {"executed_lines": [], "summary": {"covered_lines": 0, "num_statements": 0, "percent_covered": 100.0, "percent_covered_display": "100.00", "missing_lines": 0, "excluded_lines": 0, "percent_statements_covered": 100.0, "percent_statements_covered_display": "100.00"}, "missing_lines": [], "excluded_lines": [], "start_line": 795}, "NegotiationProposal": {"executed_lines": [], "summary": {"covered_lines": 0, "num_statements": 0, "percent_covered": 100.0, "percent_covered_display": "100.00", "missing_lines": 0, "excluded_lines": 0, "percent_statements_covered": 100.0, "percent_statements_covered_display": "100.00"}, "missing_lines": [], "excluded_lines": [], "start_line": 811}, "NegotiationContext": {"executed_lines": [], "summary": {"covered_lines": 0, "num_statements": 0, "percent_covered": 100.0, "percent_covered_display": "100.00", "missing_lines": 0, "excluded_lines": 0, "percent_statements_covered": 100.0, "percent_statements_covered_display": "100.00"}, "missing_lines": [], "excluded_lines": [], "start_line": 834}, "ContactAddress": {"executed_lines": [], "summary": {"covered_lines": 0, "num_statements": 0, "percent_covered": 100.0, "percent_covered_display": "100.00", "missing_lines": 0, "excluded_lines": 0, "percent_statements_covered": 100.0, "percent_statements_covered_display": "100.00"}, "missing_lines": [], "excluded_lines": [], "start_line": 856}, "PaymentCurrencyAmount": {"executed_lines": [], "summary": {"covered_lines": 0, "num_statements": 0, "percent_covered": 100.0, "percent_covered_display": "100.00", "missing_lines": 0, "excluded_lines": 0, "percent_statements_covered": 100.0, "percent_statements_covered_display": "100.00"}, "missing_lines": [], "excluded_lines": [], "start_line": 891}, "PaymentItem": {"executed_lines": [], "summary": {"covered_lines": 0, "num_statements": 0, "percent_covered": 100.0, "percent_covered_display": "100.00", "missing_lines": 0, "excluded_lines": 0, "percent_statements_covered": 100.0, "percent_statements_covered_display": "100.00"}, "missing_lines": [], "excluded_lines": [], "start_line": 902}, "PaymentShippingOption": {"executed_lines": [], "summary": {"covered_lines": 0, "num_statements": 0, "percent_covered": 100.0, "percent_covered_display": "100.00", "missing_lines": 0, "excluded_lines": 0, "percent_statements_covered": 100.0, "percent_statements_covered_display": "100.00"}, "missing_lines": [], "excluded_lines": [], "start_line": 919}, "PaymentOptions": {"executed_lines": [], "summary": {"covered_lines": 0, "num_statements": 0, "percent_covered": 100.0, "percent_covered_display": "100.00", "missing_lines": 0, "excluded_lines": 0, "percent_statements_covered": 100.0, "percent_statements_covered_display": "100.00"}, "missing_lines": [], "excluded_lines": [], "start_line": 936}, "PaymentMethodData": {"executed_lines": [], "summary": {"covered_lines": 0, "num_statements": 0, "percent_covered": 100.0, "percent_covered_display": "100.00", "missing_lines": 0, "excluded_lines": 0, "percent_statements_covered": 100.0, "percent_statements_covered_display": "100.00"}, "missing_lines": [], "excluded_lines": [], "start_line": 956}, "PaymentDetailsModifier": {"executed_lines": [], "summary": {"covered_lines": 0, "num_statements": 0, "percent_covered": 100.0, "percent_covered_display": "100.00", "missing_lines": 0, "excluded_lines": 0, "percent_statements_covered": 100.0, "percent_statements_covered_display": "100.00"}, "missing_lines": [], "excluded_lines": [], "start_line": 967}, "PaymentDetailsInit": {"executed_lines": [], "summary": {"covered_lines": 0, "num_statements": 0, "percent_covered": 100.0, "percent_covered_display": "100.00", "missing_lines": 0, "excluded_lines": 0, "percent_statements_covered": 100.0, "percent_statements_covered_display": "100.00"}, "missing_lines": [], "excluded_lines": [], "start_line": 984}, "PaymentRequest": {"executed_lines": [], "summary": {"covered_lines": 0, "num_statements": 0, "percent_covered": 100.0, "percent_covered_display": "100.00", "missing_lines": 0, "excluded_lines": 0, "percent_statements_covered": 100.0, "percent_statements_covered_display": "100.00"}, "missing_lines": [], "excluded_lines": [], "start_line": 1007}, "PaymentResponse": {"executed_lines": [], "summary": {"covered_lines": 0, "num_statements": 0, "percent_covered": 100.0, "percent_covered_display": "100.00", "missing_lines": 0, "excluded_lines": 0, "percent_statements_covered": 100.0, "percent_statements_covered_display": "100.00"}, "missing_lines": [], "excluded_lines": [], "start_line": 1024}, "IntentMandate": {"executed_lines": [], "summary": {"covered_lines": 0, "num_statements": 0, "percent_covered": 100.0, "percent_covered_display": "100.00", "missing_lines": 0, "excluded_lines": 0, "percent_statements_covered": 100.0, "percent_statements_covered_display": "100.00"}, "missing_lines": [], "excluded_lines": [], "start_line": 1055}, "CartContents": {"executed_lines": [], "summary": {"covered_lines": 0, "num_statements": 0, "percent_covered": 100.0, "percent_covered_display": "100.00", "missing_lines": 0, "excluded_lines": 0, "percent_statements_covered": 100.0, "percent_statements_covered_display": "100.00"}, "missing_lines": [], "excluded_lines": [], "start_line": 1094}, "CartMandate": {"executed_lines": [], "summary": {"covered_lines": 0, "num_statements": 0, "percent_covered": 100.0, "percent_covered_display": "100.00", "missing_lines": 0, "excluded_lines": 0, "percent_statements_covered": 100.0, "percent_statements_covered_display": "100.00"}, "missing_lines": [], "excluded_lines": [], "start_line": 1124}, "PaymentMandateContents": {"executed_lines": [], "summary": {"covered_lines": 0, "num_statements": 0, "percent_covered": 100.0, "percent_covered_display": "100.00", "missing_lines": 0, "excluded_lines": 0, "percent_statements_covered": 100.0, "percent_statements_covered_display": "100.00"}, "missing_lines": [], "excluded_lines": [], "start_line": 1154}, "PaymentMandate": {"executed_lines": [], "summary": {"covered_lines": 0, "num_statements": 0, "percent_covered": 100.0, "percent_covered_display": "100.00", "missing_lines": 0, "excluded_lines": 0, "percent_statements_covered": 100.0, "percent_statements_covered_display": "100.00"}, "missing_lines": [], "excluded_lines": [], "start_line": 1177}, "AgentExecutionCost": {"executed_lines": [], "summary": {"covered_lines": 0, "num_statements": 0, "percent_covered": 100.0, "percent_covered_display": "100.00", "missing_lines": 0, "excluded_lines": 0, "percent_statements_covered": 100.0, "percent_statements_covered_display": "100.00"}, "missing_lines": [], "excluded_lines": [], "start_line": 1214}, "ExecutionRequest": {"executed_lines": [], "summary": {"covered_lines": 0, "num_statements": 0, "percent_covered": 100.0, "percent_covered_display": "100.00", "missing_lines": 0, "excluded_lines": 0, "percent_statements_covered": 100.0, "percent_statements_covered_display": "100.00"}, "missing_lines": [], "excluded_lines": [], "start_line": 1234}, "ExecutionResponse": {"executed_lines": [], "summary": {"covered_lines": 0, "num_statements": 0, "percent_covered": 100.0, "percent_covered_display": "100.00", "missing_lines": 0, "excluded_lines": 0, "percent_statements_covered": 100.0, "percent_statements_covered_display": "100.00"}, "missing_lines": [], "excluded_lines": [], "start_line": 1257}, "JSONRPCMessage": {"executed_lines": [], "summary": {"covered_lines": 0, "num_statements": 0, "percent_covered": 100.0, "percent_covered_display": "100.00", "missing_lines": 0, "excluded_lines": 0, "percent_statements_covered": 100.0, "percent_statements_covered_display": "100.00"}, "missing_lines": [], "excluded_lines": [], "start_line": 1296}, "JSONRPCRequest": {"executed_lines": [], "summary": {"covered_lines": 0, "num_statements": 0, "percent_covered": 100.0, "percent_covered_display": "100.00", "missing_lines": 0, "excluded_lines": 0, "percent_statements_covered": 100.0, "percent_statements_covered_display": "100.00"}, "missing_lines": [], "excluded_lines": [], "start_line": 1303}, "JSONRPCError": {"executed_lines": [], "summary": {"covered_lines": 0, "num_statements": 0, "percent_covered": 100.0, "percent_covered_display": "100.00", "missing_lines": 0, "excluded_lines": 0, "percent_statements_covered": 100.0, "percent_statements_covered_display": "100.00"}, "missing_lines": [], "excluded_lines": [], "start_line": 1310}, "JSONRPCResponse": {"executed_lines": [], "summary": {"covered_lines": 0, "num_statements": 0, "percent_covered": 100.0, "percent_covered_display": "100.00", "missing_lines": 0, "excluded_lines": 0, "percent_statements_covered": 100.0, "percent_statements_covered_display": "100.00"}, "missing_lines": [], "excluded_lines": [], "start_line": 1318}, "KeycloakRole": {"executed_lines": [], "summary": {"covered_lines": 0, "num_statements": 0, "percent_covered": 100.0, "percent_covered_display": "100.00", "missing_lines": 0, "excluded_lines": 0, "percent_statements_covered": 100.0, "percent_statements_covered_display": "100.00"}, "missing_lines": [], "excluded_lines": [], "start_line": 1610}, "AgentTrust": {"executed_lines": [], "summary": {"covered_lines": 0, "num_statements": 0, "percent_covered": 100.0, "percent_covered_display": "100.00", "missing_lines": 0, "excluded_lines": 0, "percent_statements_covered": 100.0, "percent_statements_covered_display": "100.00"}, "missing_lines": [], "excluded_lines": [], "start_line": 1636}, "AgentIdentity": {"executed_lines": [], "summary": {"covered_lines": 0, "num_statements": 0, "percent_covered": 100.0, "percent_covered_display": "100.00", "missing_lines": 0, "excluded_lines": 0, "percent_statements_covered": 100.0, "percent_statements_covered_display": "100.00"}, "missing_lines": [], "excluded_lines": [], "start_line": 1666}, "AgentInterface": {"executed_lines": [], "summary": {"covered_lines": 0, "num_statements": 0, "percent_covered": 100.0, "percent_covered_display": "100.00", "missing_lines": 0, "excluded_lines": 0, "percent_statements_covered": 100.0, "percent_statements_covered_display": "100.00"}, "missing_lines": [], "excluded_lines": [], "start_line": 1689}, "AgentExtension": {"executed_lines": [], "summary": {"covered_lines": 0, "num_statements": 0, "percent_covered": 100.0, "percent_covered_display": "100.00", "missing_lines": 0, "excluded_lines": 0, "percent_statements_covered": 100.0, "percent_statements_covered_display": "100.00"}, "missing_lines": [], "excluded_lines": [], "start_line": 1703}, "Skill": {"executed_lines": [], "summary": {"covered_lines": 0, "num_statements": 0, "percent_covered": 100.0, "percent_covered_display": "100.00", "missing_lines": 0, "excluded_lines": 0, "percent_statements_covered": 100.0, "percent_statements_covered_display": "100.00"}, "missing_lines": [], "excluded_lines": [], "start_line": 1720}, "AgentCapabilities": {"executed_lines": [], "summary": {"covered_lines": 0, "num_statements": 0, "percent_covered": 100.0, "percent_covered_display": "100.00", "missing_lines": 0, "excluded_lines": 0, "percent_statements_covered": 100.0, "percent_statements_covered_display": "100.00"}, "missing_lines": [], "excluded_lines": [], "start_line": 1834}, "AgentCard": {"executed_lines": [], "summary": {"covered_lines": 0, "num_statements": 0, "percent_covered": 100.0, "percent_covered_display": "100.00", "missing_lines": 0, "excluded_lines": 0, "percent_statements_covered": 100.0, "percent_statements_covered_display": "100.00"}, "missing_lines": [], "excluded_lines": [], "start_line": 1851}, "": {"executed_lines": [33, 35, 36, 38, 39, 40, 41, 48, 49, 51, 53, 73, 80, 87, 100, 105, 106, 107, 108, 109, 116, 117, 120, 121, 123, 124, 126, 127, 129, 130, 133, 134, 137, 138, 140, 141, 143, 144, 146, 147, 150, 151, 154, 155, 158, 159, 165, 166, 168, 169, 171, 172, 175, 178, 179, 181, 182, 184, 185, 188, 195, 196, 207, 208, 210, 211, 213, 214, 216, 217, 219, 220, 222, 223, 225, 226, 228, 229, 232, 233, 256, 257, 259, 260, 262, 263, 265, 266, 268, 269, 271, 272, 274, 275, 277, 278, 280, 281, 289, 290, 293, 294, 296, 297, 299, 300, 302, 303, 306, 307, 310, 311, 313, 314, 316, 317, 319, 320, 323, 324, 327, 328, 330, 331, 333, 334, 337, 338, 341, 342, 344, 345, 347, 348, 351, 352, 355, 356, 358, 359, 362, 379, 380, 386, 387, 389, 390, 392, 393, 395, 396, 399, 400, 403, 404, 406, 407, 410, 411, 414, 415, 417, 418, 420, 421, 433, 434, 437, 438, 439, 440, 443, 444, 477, 478, 480, 481, 483, 484, 486, 487, 489, 490, 492, 493, 495, 496, 499, 500, 506, 507, 509, 510, 512, 513, 515, 516, 518, 519, 521, 522, 525, 526, 532, 533, 535, 536, 538, 539, 541, 542, 544, 545, 547, 548, 550, 551, 554, 555, 558, 559, 561, 562, 564, 565, 567, 568, 570, 571, 573, 574, 577, 578, 581, 582, 584, 585, 588, 589, 592, 593, 596, 597, 600, 601, 603, 604, 607, 608, 611, 612, 614, 615, 617, 618, 620, 621, 624, 625, 628, 629, 631, 632, 634, 635, 637, 638, 640, 641, 648, 649, 652, 653, 655, 656, 658, 659, 662, 663, 666, 667, 669, 670, 673, 674, 677, 678, 680, 681, 683, 684, 692, 693, 727, 728, 730, 731, 733, 734, 736, 737, 739, 740, 742, 743, 745, 746, 748, 749, 751, 752, 754, 755, 757, 758, 760, 761, 763, 764, 766, 767, 775, 776, 779, 780, 782, 783, 786, 787, 790, 791, 794, 795, 798, 799, 801, 802, 810, 811, 814, 815, 817, 818, 820, 821, 823, 824, 826, 827, 829, 830, 833, 834, 837, 838, 840, 841, 843, 844, 846, 847, 855, 856, 859, 860, 862, 863, 865, 866, 868, 869, 871, 872, 874, 875, 877, 878, 880, 881, 883, 884, 886, 887, 890, 891, 894, 895, 897, 898, 901, 902, 905, 906, 908, 909, 911, 912, 914, 915, 918, 919, 922, 923, 925, 926, 928, 929, 931, 932, 935, 936, 939, 940, 942, 943, 945, 946, 948, 949, 951, 952, 955, 956, 959, 960, 962, 963, 966, 967, 970, 971, 973, 974, 976, 977, 979, 980, 983, 984, 987, 988, 990, 991, 993, 994, 996, 997, 999, 1000, 1002, 1003, 1006, 1007, 1010, 1011, 1013, 1014, 1016, 1017, 1019, 1020, 1023, 1024, 1027, 1028, 1030, 1031, 1033, 1034, 1038, 1039, 1041, 1042, 1044, 1045, 1047, 1048, 1050, 1051, 1054, 1055, 1062, 1063, 1069, 1070, 1075, 1076, 1080, 1081, 1084, 1085, 1088, 1089, 1093, 1094, 1100, 1101, 1103, 1104, 1108, 1109, 1114, 1115, 1118, 1119, 1123, 1124, 1130, 1131, 1133, 1134, 1153, 1154, 1157, 1158, 1160, 1161, 1163, 1164, 1166, 1167, 1169, 1170, 1172, 1173, 1176, 1177, 1189, 1190, 1192, 1193, 1213, 1214, 1217, 1218, 1220, 1221, 1223, 1224, 1226, 1227, 1229, 1230, 1233, 1234, 1237, 1238, 1240, 1241, 1243, 1244, 1246, 1247, 1249, 1250, 1252, 1253, 1256, 1257, 1260, 1261, 1263, 1264, 1266, 1267, 1269, 1270, 1272, 1273, 1275, 1276, 1278, 1279, 1281, 1282, 1289, 1290, 1292, 1293, 1296, 1299, 1300, 1303, 1306, 1307, 1310, 1313, 1314, 1315, 1318, 1321, 1322, 1325, 1331, 1337, 1344, 1351, 1361, 1368, 1375, 1382, 1389, 1396, 1402, 1411, 1421, 1428, 1434, 1440, 1446, 1456, 1463, 1473, 1485, 1486, 1490, 1491, 1493, 1494, 1496, 1497, 1501, 1502, 1506, 1507, 1509, 1510, 1514, 1515, 1519, 1522, 1526, 1529, 1533, 1534, 1538, 1541, 1545, 1549, 1553, 1572, 1588, 1589, 1590, 1593, 1596, 1599, 1609, 1610, 1613, 1614, 1616, 1617, 1619, 1620, 1622, 1623, 1625, 1626, 1628, 1629, 1631, 1632, 1635, 1636, 1639, 1640, 1642, 1643, 1645, 1646, 1648, 1649, 1651, 1652, 1654, 1655, 1656, 1657, 1665, 1666, 1669, 1670, 1672, 1673, 1675, 1676, 1678, 1679, 1681, 1682, 1684, 1685, 1688, 1689, 1692, 1693, 1695, 1696, 1698, 1699, 1702, 1703, 1706, 1707, 1709, 1710, 1712, 1713, 1715, 1716, 1719, 1720, 1728, 1729, 1731, 1732, 1734, 1735, 1740, 1741, 1746, 1747, 1752, 1753, 1755, 1756, 1759, 1760, 1766, 1767, 1772, 1773, 1782, 1783, 1793, 1794, 1804, 1805, 1807, 1808, 1814, 1815, 1833, 1834, 1837, 1838, 1840, 1841, 1843, 1844, 1846, 1847, 1850, 1851, 1854, 1855, 1857, 1858, 1860, 1861, 1866, 1867, 1869, 1870, 1872, 1873, 1875, 1876, 1878, 1879, 1881, 1882, 1884, 1885, 1887, 1888, 1890, 1891, 1893, 1894, 1896, 1897, 1899, 1900, 1902, 1903, 1905, 1906, 1908, 1909, 1911, 1912, 1914, 1915, 1917, 1918, 1920, 1921, 1923, 1924, 1926, 1927, 1929, 1930, 1933, 1936, 1937, 1938, 1939, 1940, 1941], "summary": {"covered_lines": 812, "num_statements": 812, "percent_covered": 100.0, "percent_covered_display": "100.00", "missing_lines": 0, "excluded_lines": 0, "percent_statements_covered": 100.0, "percent_statements_covered_display": "100.00"}, "missing_lines": [], "excluded_lines": [], "start_line": 1}}}, "bindu/extensions/__init__.py": {"executed_lines": [45, 47], "summary": {"covered_lines": 2, "num_statements": 2, "percent_covered": 100.0, "percent_covered_display": "100.00", "missing_lines": 0, "excluded_lines": 0, "percent_statements_covered": 100.0, "percent_statements_covered_display": "100.00"}, "missing_lines": [], "excluded_lines": [], "functions": {"": {"executed_lines": [45, 47], "summary": {"covered_lines": 2, "num_statements": 2, "percent_covered": 100.0, "percent_covered_display": "100.00", "missing_lines": 0, "excluded_lines": 0, "percent_statements_covered": 100.0, "percent_statements_covered_display": "100.00"}, "missing_lines": [], "excluded_lines": [], "start_line": 1}}, "classes": {"": {"executed_lines": [45, 47], "summary": {"covered_lines": 2, "num_statements": 2, "percent_covered": 100.0, "percent_covered_display": "100.00", "missing_lines": 0, "excluded_lines": 0, "percent_statements_covered": 100.0, "percent_statements_covered_display": "100.00"}, "missing_lines": [], "excluded_lines": [], "start_line": 1}}}, "bindu/extensions/did/__init__.py": {"executed_lines": [44, 46, 47, 49], "summary": {"covered_lines": 4, "num_statements": 4, "percent_covered": 100.0, "percent_covered_display": "100.00", "missing_lines": 0, "excluded_lines": 0, "percent_statements_covered": 100.0, "percent_statements_covered_display": "100.00"}, "missing_lines": [], "excluded_lines": [], "functions": {"": {"executed_lines": [44, 46, 47, 49], "summary": {"covered_lines": 4, "num_statements": 4, "percent_covered": 100.0, "percent_covered_display": "100.00", "missing_lines": 0, "excluded_lines": 0, "percent_statements_covered": 100.0, "percent_statements_covered_display": "100.00"}, "missing_lines": [], "excluded_lines": [], "start_line": 1}}, "classes": {"": {"executed_lines": [44, 46, 47, 49], "summary": {"covered_lines": 4, "num_statements": 4, "percent_covered": 100.0, "percent_covered_display": "100.00", "missing_lines": 0, "excluded_lines": 0, "percent_statements_covered": 100.0, "percent_statements_covered_display": "100.00"}, "missing_lines": [], "excluded_lines": [], "start_line": 1}}}, "bindu/extensions/did/did_agent_extension.py": {"executed_lines": [28, 30, 31, 32, 33, 35, 36, 37, 38, 40, 41, 43, 46, 55, 109, 110, 123, 142, 163, 192, 230, 249, 250, 279, 280, 298, 315, 334, 335, 356, 362, 363, 369], "summary": {"covered_lines": 33, "num_statements": 113, "percent_covered": 29.20353982300885, "percent_covered_display": "29.20", "missing_lines": 80, "excluded_lines": 7, "percent_statements_covered": 29.20353982300885, "percent_statements_covered_display": "29.20"}, "missing_lines": [86, 87, 88, 89, 90, 91, 92, 93, 94, 99, 121, 130, 131, 134, 135, 137, 138, 139, 140, 153, 155, 157, 158, 160, 161, 169, 170, 173, 179, 185, 190, 202, 205, 210, 215, 218, 219, 222, 223, 225, 243, 244, 247, 260, 262, 263, 266, 267, 268, 272, 274, 275, 277, 290, 291, 293, 294, 296, 311, 312, 313, 325, 326, 327, 328, 329, 330, 331, 332, 343, 344, 345, 346, 349, 350, 353, 354, 358, 365, 375], "excluded_lines": [101, 102, 103, 104, 105, 106, 107], "functions": {"DIDAgentExtension.__init__": {"executed_lines": [], "summary": {"covered_lines": 0, "num_statements": 10, "percent_covered": 0.0, "percent_covered_display": "0.00", "missing_lines": 10, "excluded_lines": 0, "percent_statements_covered": 0.0, "percent_statements_covered_display": "0.00"}, "missing_lines": [86, 87, 88, 89, 90, 91, 92, 93, 94, 99], "excluded_lines": [], "start_line": 55}, "DIDAgentExtension.__repr__": {"executed_lines": [], "summary": {"covered_lines": 0, "num_statements": 0, "percent_covered": 100.0, "percent_covered_display": "100.00", "missing_lines": 0, "excluded_lines": 6, "percent_statements_covered": 100.0, "percent_statements_covered_display": "100.00"}, "missing_lines": [], "excluded_lines": [102, 103, 104, 105, 106, 107], "start_line": 101}, "DIDAgentExtension._sanitize_identifier": {"executed_lines": [], "summary": {"covered_lines": 0, "num_statements": 1, "percent_covered": 0.0, "percent_covered_display": "0.00", "missing_lines": 1, "excluded_lines": 0, "percent_statements_covered": 0.0, "percent_statements_covered_display": "0.00"}, "missing_lines": [121], "excluded_lines": [], "start_line": 110}, "DIDAgentExtension.validate_keys": {"executed_lines": [], "summary": {"covered_lines": 0, "num_statements": 8, "percent_covered": 0.0, "percent_covered_display": "0.00", "missing_lines": 8, "excluded_lines": 0, "percent_statements_covered": 0.0, "percent_statements_covered_display": "0.00"}, "missing_lines": [130, 131, 134, 135, 137, 138, 139, 140], "excluded_lines": [], "start_line": 123}, "DIDAgentExtension.check_integrity": {"executed_lines": [], "summary": {"covered_lines": 0, "num_statements": 6, "percent_covered": 0.0, "percent_covered_display": "0.00", "missing_lines": 6, "excluded_lines": 0, "percent_statements_covered": 0.0, "percent_statements_covered_display": "0.00"}, "missing_lines": [153, 155, 157, 158, 160, 161], "excluded_lines": [], "start_line": 142}, "DIDAgentExtension._generate_key_pair_data": {"executed_lines": [], "summary": {"covered_lines": 0, "num_statements": 6, "percent_covered": 0.0, "percent_covered_display": "0.00", "missing_lines": 6, "excluded_lines": 0, "percent_statements_covered": 0.0, "percent_statements_covered_display": "0.00"}, "missing_lines": [169, 170, 173, 179, 185, 190], "excluded_lines": [], "start_line": 163}, "DIDAgentExtension.generate_and_save_key_pair": {"executed_lines": [], "summary": {"covered_lines": 0, "num_statements": 9, "percent_covered": 0.0, "percent_covered_display": "0.00", "missing_lines": 9, "excluded_lines": 0, "percent_statements_covered": 0.0, "percent_statements_covered_display": "0.00"}, "missing_lines": [202, 205, 210, 215, 218, 219, 222, 223, 225], "excluded_lines": [], "start_line": 192}, "DIDAgentExtension._load_key_from_file": {"executed_lines": [], "summary": {"covered_lines": 0, "num_statements": 3, "percent_covered": 0.0, "percent_covered_display": "0.00", "missing_lines": 3, "excluded_lines": 0, "percent_statements_covered": 0.0, "percent_statements_covered_display": "0.00"}, "missing_lines": [243, 244, 247], "excluded_lines": [], "start_line": 230}, "DIDAgentExtension.private_key": {"executed_lines": [], "summary": {"covered_lines": 0, "num_statements": 10, "percent_covered": 0.0, "percent_covered_display": "0.00", "missing_lines": 10, "excluded_lines": 0, "percent_statements_covered": 0.0, "percent_statements_covered_display": "0.00"}, "missing_lines": [260, 262, 263, 266, 267, 268, 272, 274, 275, 277], "excluded_lines": [], "start_line": 250}, "DIDAgentExtension.public_key": {"executed_lines": [], "summary": {"covered_lines": 0, "num_statements": 5, "percent_covered": 0.0, "percent_covered_display": "0.00", "missing_lines": 5, "excluded_lines": 0, "percent_statements_covered": 0.0, "percent_statements_covered_display": "0.00"}, "missing_lines": [290, 291, 293, 294, 296], "excluded_lines": [], "start_line": 280}, "DIDAgentExtension.sign_text": {"executed_lines": [], "summary": {"covered_lines": 0, "num_statements": 3, "percent_covered": 0.0, "percent_covered_display": "0.00", "missing_lines": 3, "excluded_lines": 0, "percent_statements_covered": 0.0, "percent_statements_covered_display": "0.00"}, "missing_lines": [311, 312, 313], "excluded_lines": [], "start_line": 298}, "DIDAgentExtension.verify_text": {"executed_lines": [], "summary": {"covered_lines": 0, "num_statements": 8, "percent_covered": 0.0, "percent_covered_display": "0.00", "missing_lines": 8, "excluded_lines": 0, "percent_statements_covered": 0.0, "percent_statements_covered_display": "0.00"}, "missing_lines": [325, 326, 327, 328, 329, 330, 331, 332], "excluded_lines": [], "start_line": 315}, "DIDAgentExtension.did": {"executed_lines": [], "summary": {"covered_lines": 0, "num_statements": 8, "percent_covered": 0.0, "percent_covered_display": "0.00", "missing_lines": 8, "excluded_lines": 0, "percent_statements_covered": 0.0, "percent_statements_covered_display": "0.00"}, "missing_lines": [343, 344, 345, 346, 349, 350, 353, 354], "excluded_lines": [], "start_line": 335}, "DIDAgentExtension._get_public_key_raw_bytes": {"executed_lines": [], "summary": {"covered_lines": 0, "num_statements": 1, "percent_covered": 0.0, "percent_covered_display": "0.00", "missing_lines": 1, "excluded_lines": 0, "percent_statements_covered": 0.0, "percent_statements_covered_display": "0.00"}, "missing_lines": [358], "excluded_lines": [], "start_line": 356}, "DIDAgentExtension.public_key_base58": {"executed_lines": [], "summary": {"covered_lines": 0, "num_statements": 1, "percent_covered": 0.0, "percent_covered_display": "0.00", "missing_lines": 1, "excluded_lines": 0, "percent_statements_covered": 0.0, "percent_statements_covered_display": "0.00"}, "missing_lines": [365], "excluded_lines": [], "start_line": 363}, "DIDAgentExtension.get_did_document": {"executed_lines": [], "summary": {"covered_lines": 0, "num_statements": 1, "percent_covered": 0.0, "percent_covered_display": "0.00", "missing_lines": 1, "excluded_lines": 0, "percent_statements_covered": 0.0, "percent_statements_covered_display": "0.00"}, "missing_lines": [375], "excluded_lines": [], "start_line": 369}, "": {"executed_lines": [28, 30, 31, 32, 33, 35, 36, 37, 38, 40, 41, 43, 46, 55, 109, 110, 123, 142, 163, 192, 230, 249, 250, 279, 280, 298, 315, 334, 335, 356, 362, 363, 369], "summary": {"covered_lines": 33, "num_statements": 33, "percent_covered": 100.0, "percent_covered_display": "100.00", "missing_lines": 0, "excluded_lines": 1, "percent_statements_covered": 100.0, "percent_statements_covered_display": "100.00"}, "missing_lines": [], "excluded_lines": [101], "start_line": 1}}, "classes": {"DIDAgentExtension": {"executed_lines": [], "summary": {"covered_lines": 0, "num_statements": 80, "percent_covered": 0.0, "percent_covered_display": "0.00", "missing_lines": 80, "excluded_lines": 6, "percent_statements_covered": 0.0, "percent_statements_covered_display": "0.00"}, "missing_lines": [86, 87, 88, 89, 90, 91, 92, 93, 94, 99, 121, 130, 131, 134, 135, 137, 138, 139, 140, 153, 155, 157, 158, 160, 161, 169, 170, 173, 179, 185, 190, 202, 205, 210, 215, 218, 219, 222, 223, 225, 243, 244, 247, 260, 262, 263, 266, 267, 268, 272, 274, 275, 277, 290, 291, 293, 294, 296, 311, 312, 313, 325, 326, 327, 328, 329, 330, 331, 332, 343, 344, 345, 346, 349, 350, 353, 354, 358, 365, 375], "excluded_lines": [102, 103, 104, 105, 106, 107], "start_line": 46}, "": {"executed_lines": [28, 30, 31, 32, 33, 35, 36, 37, 38, 40, 41, 43, 46, 55, 109, 110, 123, 142, 163, 192, 230, 249, 250, 279, 280, 298, 315, 334, 335, 356, 362, 363, 369], "summary": {"covered_lines": 33, "num_statements": 33, "percent_covered": 100.0, "percent_covered_display": "100.00", "missing_lines": 0, "excluded_lines": 1, "percent_statements_covered": 100.0, "percent_statements_covered_display": "100.00"}, "missing_lines": [], "excluded_lines": [101], "start_line": 1}}}, "bindu/extensions/did/validation.py": {"executed_lines": [3, 5, 6, 8, 11, 19, 21, 23, 24, 26, 27, 28, 30, 31, 33, 34, 35, 37, 38, 40, 41, 42, 44, 45, 47, 51, 58, 60, 61, 63, 64, 70, 73, 75, 76, 86, 91, 92, 93, 96, 97, 101, 102, 103, 105, 107, 108, 112, 113, 115, 116, 118, 119, 120, 121, 123, 124, 126, 127, 128, 130, 131, 132, 133, 135, 136, 138, 139, 141, 142, 143, 144, 146, 147, 149, 150, 159, 162, 163, 166, 169, 172, 173, 175, 177, 178, 182, 183, 185, 187, 188, 190, 191, 192, 193, 200], "summary": {"covered_lines": 96, "num_statements": 105, "percent_covered": 91.42857142857143, "percent_covered_display": "91.43", "missing_lines": 9, "excluded_lines": 0, "percent_statements_covered": 91.42857142857143, "percent_statements_covered_display": "91.43"}, "missing_lines": [52, 71, 98, 197, 201, 202, 206, 210, 211], "excluded_lines": [], "functions": {"DIDValidation._validate_empty": {"executed_lines": [26, 27, 28], "summary": {"covered_lines": 3, "num_statements": 3, "percent_covered": 100.0, "percent_covered_display": "100.00", "missing_lines": 0, "excluded_lines": 0, "percent_statements_covered": 100.0, "percent_statements_covered_display": "100.00"}, "missing_lines": [], "excluded_lines": [], "start_line": 24}, "DIDValidation._validate_prefix": {"executed_lines": [33, 34, 35], "summary": {"covered_lines": 3, "num_statements": 3, "percent_covered": 100.0, "percent_covered_display": "100.00", "missing_lines": 0, "excluded_lines": 0, "percent_statements_covered": 100.0, "percent_statements_covered_display": "100.00"}, "missing_lines": [], "excluded_lines": [], "start_line": 31}, "DIDValidation._validate_pattern": {"executed_lines": [40, 41, 42], "summary": {"covered_lines": 3, "num_statements": 3, "percent_covered": 100.0, "percent_covered_display": "100.00", "missing_lines": 0, "excluded_lines": 0, "percent_statements_covered": 100.0, "percent_statements_covered_display": "100.00"}, "missing_lines": [], "excluded_lines": [], "start_line": 38}, "DIDValidation._validate_parts": {"executed_lines": [47, 51, 58], "summary": {"covered_lines": 3, "num_statements": 4, "percent_covered": 75.0, "percent_covered_display": "75.00", "missing_lines": 1, "excluded_lines": 0, "percent_statements_covered": 75.0, "percent_statements_covered_display": "75.00"}, "missing_lines": [52], "excluded_lines": [], "start_line": 45}, "DIDValidation._validate_bindu_did": {"executed_lines": [63, 64, 70, 73], "summary": {"covered_lines": 4, "num_statements": 5, "percent_covered": 80.0, "percent_covered_display": "80.00", "missing_lines": 1, "excluded_lines": 0, "percent_statements_covered": 80.0, "percent_statements_covered_display": "80.00"}, "missing_lines": [71], "excluded_lines": [], "start_line": 61}, "DIDValidation.validate_did_format": {"executed_lines": [86, 91, 92, 93, 96, 97, 101, 102, 103, 105], "summary": {"covered_lines": 10, "num_statements": 11, "percent_covered": 90.9090909090909, "percent_covered_display": "90.91", "missing_lines": 1, "excluded_lines": 0, "percent_statements_covered": 90.9090909090909, "percent_statements_covered_display": "90.91"}, "missing_lines": [98], "excluded_lines": [], "start_line": 76}, "DIDValidation._validate_required_field": {"executed_lines": [112, 113], "summary": {"covered_lines": 2, "num_statements": 2, "percent_covered": 100.0, "percent_covered_display": "100.00", "missing_lines": 0, "excluded_lines": 0, "percent_statements_covered": 100.0, "percent_statements_covered_display": "100.00"}, "missing_lines": [], "excluded_lines": [], "start_line": 108}, "DIDValidation._validate_did_field": {"executed_lines": [118, 119, 120, 121], "summary":
[...]
 33, 35, 36, 38, 40, 41, 44, 45, 46, 50, 51, 52, 53, 54, 57, 67, 79, 80, 81, 84, 85, 91, 92, 94, 98], "summary": {"covered_lines": 26, "num_statements": 28, "percent_covered": 92.85714285714286, "percent_covered_display": "92.86", "missing_lines": 2, "excluded_lines": 0, "percent_statements_covered": 92.85714285714286, "percent_statements_covered_display": "92.86"}, "missing_lines": [86, 88], "excluded_lines": [], "start_line": 17}, "load_skills": {"executed_lines": [117, 119, 120, 121, 123, 124, 125, 128, 129, 132, 133, 136, 144, 155, 156, 157, 158, 160, 163, 164, 165, 167, 168], "summary": {"covered_lines": 23, "num_statements": 23, "percent_covered": 100.0, "percent_covered_display": "100.00", "missing_lines": 0, "excluded_lines": 0, "percent_statements_covered": 100.0, "percent_statements_covered_display": "100.00"}, "missing_lines": [], "excluded_lines": [], "start_line": 101}, "find_skill_by_id": {"executed_lines": [183], "summary": {"covered_lines": 1, "num_statements": 1, "percent_covered": 100.0, "percent_covered_display": "100.00", "missing_lines": 0, "excluded_lines": 0, "percent_statements_covered": 100.0, "percent_statements_covered_display": "100.00"}, "missing_lines": [], "excluded_lines": [], "start_line": 171}, "": {"executed_lines": [7, 8, 9, 11, 12, 14, 17, 101, 171], "summary": {"covered_lines": 9, "num_statements": 9, "percent_covered": 100.0, "percent_covered_display": "100.00", "missing_lines": 0, "excluded_lines": 0, "percent_statements_covered": 100.0, "percent_statements_covered_display": "100.00"}, "missing_lines": [], "excluded_lines": [], "start_line": 1}}, "classes": {"": {"executed_lines": [7, 8, 9, 11, 12, 14, 17, 32, 33, 35, 36, 38, 40, 41, 44, 45, 46, 50, 51, 52, 53, 54, 57, 67, 79, 80, 81, 84, 85, 91, 92, 94, 98, 101, 117, 119, 120, 121, 123, 124, 125, 128, 129, 132, 133, 136, 144, 155, 156, 157, 158, 160, 163, 164, 165, 167, 168, 171, 183], "summary": {"covered_lines": 59, "num_statements": 61, "percent_covered": 96.72131147540983, "percent_covered_display": "96.72", "missing_lines": 2, "excluded_lines": 0, "percent_statements_covered": 96.72131147540983, "percent_statements_covered_display": "96.72"}, "missing_lines": [86, 88], "excluded_lines": [], "start_line": 1}}}, "bindu/utils/task_telemetry.py": {"executed_lines": [8, 9, 10, 12, 13, 15, 18, 19, 22, 26, 30, 34, 38, 40, 41, 44, 52, 53, 54, 56, 57, 60, 62, 63, 66, 75, 76, 77, 78, 82, 84, 85, 86, 89, 94, 96, 99, 100, 104, 109, 110, 113, 114, 115, 116, 117, 120, 122, 123, 124, 130, 139, 180, 182, 185, 188, 189, 190, 191, 194, 195, 197, 198, 201, 202, 204, 212, 215, 218, 219, 220, 221, 222, 224, 227, 235, 238, 239, 242, 246, 247, 263, 265], "summary": {"covered_lines": 83, "num_statements": 105, "percent_covered": 79.04761904761905, "percent_covered_display": "79.05", "missing_lines": 22, "excluded_lines": 0, "percent_statements_covered": 79.04761904761905, "percent_statements_covered_display": "79.05"}, "missing_lines": [79, 90, 127, 128, 141, 143, 144, 148, 158, 159, 167, 178, 206, 208, 209, 210, 236, 249, 250, 259, 260, 261], "excluded_lines": [], "functions": {"trace_task_operation": {"executed_lines": [52, 53, 182], "summary": {"covered_lines": 3, "num_statements": 3, "percent_covered": 100.0, "percent_covered_display": "100.00", "missing_lines": 0, "excluded_lines": 0, "percent_statements_covered": 100.0, "percent_statements_covered_display": "100.00"}, "missing_lines": [], "excluded_lines": [], "start_line": 44}, "trace_task_operation.decorator": {"executed_lines": [54, 180], "summary": {"covered_lines": 2, "num_statements": 2, "percent_covered": 100.0, "percent_covered_display": "100.00", "missing_lines": 0, "excluded_lines": 0, "percent_statements_covered": 100.0, "percent_statements_covered_display": "100.00"}, "missing_lines": [], "excluded_lines": [], "start_line": 52}, "trace_task_operation.decorator.wrapper": {"executed_lines": [56, 57, 60, 62, 63, 66, 75, 76, 77, 78, 82, 84, 85, 86, 89, 94, 96, 99, 100, 104, 109, 110, 113, 114, 115, 116, 117, 120, 122, 123, 124, 130, 139], "summary": {"covered_lines": 33, "num_statements": 45, "percent_covered": 73.33333333333333, "percent_covered_display": "73.33", "missing_lines": 12, "excluded_lines": 0, "percent_statements_covered": 73.33333333333333, "percent_statements_covered_display": "73.33"}, "missing_lines": [79, 90, 127, 128, 141, 143, 144, 148, 158, 159, 167, 178], "excluded_lines": [], "start_line": 54}, "track_active_task": {"executed_lines": [188, 189, 212], "summary": {"covered_lines": 3, "num_statements": 3, "percent_covered": 100.0, "percent_covered_display": "100.00", "missing_lines": 0, "excluded_lines": 0, "percent_statements_covered": 100.0, "percent_statements_covered_display": "100.00"}, "missing_lines": [], "excluded_lines": [], "start_line": 185}, "track_active_task.wrapper": {"executed_lines": [190, 191, 194, 195, 197, 198, 201, 202, 204], "summary": {"covered_lines": 9, "num_statements": 13, "percent_covered": 69.23076923076923, "percent_covered_display": "69.23", "missing_lines": 4, "excluded_lines": 0, "percent_statements_covered": 69.23076923076923, "percent_statements_covered_display": "69.23"}, "missing_lines": [206, 208, 209, 210], "excluded_lines": [], "start_line": 189}, "trace_context_operation": {"executed_lines": [218, 219, 265], "summary": {"covered_lines": 3, "num_statements": 3, "percent_covered": 100.0, "percent_covered_display": "100.00", "missing_lines": 0, "excluded_lines": 0, "percent_statements_covered": 100.0, "percent_statements_covered_display": "100.00"}, "missing_lines": [], "excluded_lines": [], "start_line": 215}, "trace_context_operation.decorator": {"executed_lines": [220, 263], "summary": {"covered_lines": 2, "num_statements": 2, "percent_covered": 100.0, "percent_covered_display": "100.00", "missing_lines": 0, "excluded_lines": 0, "percent_statements_covered": 100.0, "percent_statements_covered_display": "100.00"}, "missing_lines": [], "excluded_lines": [], "start_line": 218}, "trace_context_operation.decorator.wrapper": {"executed_lines": [221, 222, 224, 227, 235, 238, 239, 242, 246, 247], "summary": {"covered_lines": 10, "num_statements": 16, "percent_covered": 62.5, "percent_covered_display": "62.50", "missing_lines": 6, "excluded_lines": 0, "percent_statements_covered": 62.5, "percent_statements_covered_display": "62.50"}, "missing_lines": [236, 249, 250, 259, 260, 261], "excluded_lines": [], "start_line": 220}, "": {"executed_lines": [8, 9, 10, 12, 13, 15, 18, 19, 22, 26, 30, 34, 38, 40, 41, 44, 185, 215], "summary": {"covered_lines": 18, "num_statements": 18, "percent_covered": 100.0, "percent_covered_display": "100.00", "missing_lines": 0, "excluded_lines": 0, "percent_statements_covered": 100.0, "percent_statements_covered_display": "100.00"}, "missing_lines": [], "excluded_lines": [], "start_line": 1}}, "classes": {"": {"executed_lines": [8, 9, 10, 12, 13, 15, 18, 19, 22, 26, 30, 34, 38, 40, 41, 44, 52, 53, 54, 56, 57, 60, 62, 63, 66, 75, 76, 77, 78, 82, 84, 85, 86, 89, 94, 96, 99, 100, 104, 109, 110, 113, 114, 115, 116, 117, 120, 122, 123, 124, 130, 139, 180, 182, 185, 188, 189, 190, 191, 194, 195, 197, 198, 201, 202, 204, 212, 215, 218, 219, 220, 221, 222, 224, 227, 235, 238, 239, 242, 246, 247, 263, 265], "summary": {"covered_lines": 83, "num_statements": 105, "percent_covered": 79.04761904761905, "percent_covered_display": "79.05", "missing_lines": 22, "excluded_lines": 0, "percent_statements_covered": 79.04761904761905, "percent_statements_covered_display": "79.05"}, "missing_lines": [79, 90, 127, 128, 141, 143, 144, 148, 158, 159, 167, 178, 206, 208, 209, 210, 236, 249, 250, 259, 260, 261], "excluded_lines": [], "start_line": 1}}}, "bindu/utils/tracing.py": {"executed_lines": [3, 5, 8, 14, 15, 16, 22], "summary": {"covered_lines": 7, "num_statements": 12, "percent_covered": 58.333333333333336, "percent_covered_display": "58.33", "missing_lines": 5, "excluded_lines": 0, "percent_statements_covered": 58.333333333333336, "percent_statements_covered_display": "58.33"}, "missing_lines": [17, 18, 19, 20, 21], "excluded_lines": [], "functions": {"get_trace_context": {"executed_lines": [14, 15, 16, 22], "summary": {"covered_lines": 4, "num_statements": 9, "percent_covered": 44.44444444444444, "percent_covered_display": "44.44", "missing_lines": 5, "excluded_lines": 0, "percent_statements_covered": 44.44444444444444, "percent_statements_covered_display": "44.44"}, "missing_lines": [17, 18, 19, 20, 21], "excluded_lines": [], "start_line": 8}, "": {"executed_lines": [3, 5, 8], "summary": {"covered_lines": 3, "num_statements": 3, "percent_covered": 100.0, "percent_covered_display": "100.00", "missing_lines": 0, "excluded_lines": 0, "percent_statements_covered": 100.0, "percent_statements_covered_display": "100.00"}, "missing_lines": [], "excluded_lines": [], "start_line": 1}}, "classes": {"": {"executed_lines": [3, 5, 8, 14, 15, 16, 22], "summary": {"covered_lines": 7, "num_statements": 12, "percent_covered": 58.333333333333336, "percent_covered_display": "58.33", "missing_lines": 5, "excluded_lines": 0, "percent_statements_covered": 58.333333333333336, "percent_statements_covered_display": "58.33"}, "missing_lines": [17, 18, 19, 20, 21], "excluded_lines": [], "start_line": 1}}}, "bindu/utils/worker/__init__.py": {"executed_lines": [10, 11, 12, 13, 15], "summary": {"covered_lines": 5, "num_statements": 5, "percent_covered": 100.0, "percent_covered_display": "100.00", "missing_lines": 0, "excluded_lines": 0, "percent_statements_covered": 100.0, "percent_statements_covered_display": "100.00"}, "missing_lines": [], "excluded_lines": [], "functions": {"": {"executed_lines": [10, 11, 12, 13, 15], "summary": {"covered_lines": 5, "num_statements": 5, "percent_covered": 100.0, "percent_covered_display": "100.00", "missing_lines": 0, "excluded_lines": 0, "percent_statements_covered": 100.0, "percent_statements_covered_display": "100.00"}, "missing_lines": [], "excluded_lines": [], "start_line": 1}}, "classes": {"": {"executed_lines": [10, 11, 12, 13, 15], "summary": {"covered_lines": 5, "num_statements": 5, "percent_covered": 100.0, "percent_covered_display": "100.00", "missing_lines": 0, "excluded_lines": 0, "percent_statements_covered": 100.0, "percent_statements_covered_display": "100.00"}, "missing_lines": [], "excluded_lines": [], "start_line": 1}}}, "bindu/utils/worker/artifacts.py": {"executed_lines": [3, 5, 6, 8, 9, 11, 13, 17, 20, 21, 37, 38, 39, 45, 48, 51, 52, 54, 56, 57, 58, 59, 60, 61, 62, 63, 64, 65, 66, 69, 72], "summary": {"covered_lines": 31, "num_statements": 32, "percent_covered": 96.875, "percent_covered_display": "96.88", "missing_lines": 1, "excluded_lines": 0, "percent_statements_covered": 96.875, "percent_statements_covered_display": "96.88"}, "missing_lines": [14], "excluded_lines": [], "functions": {"ArtifactBuilder.from_result": {"executed_lines": [37, 38, 39, 45, 48, 51, 52, 54, 56, 57, 58, 59, 60, 61, 62, 63, 64, 65, 66, 69, 72], "summary": {"covered_lines": 21, "num_statements": 21, "percent_covered": 100.0, "percent_covered_display": "100.00", "missing_lines": 0, "excluded_lines": 0, "percent_statements_covered": 100.0, "percent_statements_covered_display": "100.00"}, "missing_lines": [], "excluded_lines": [], "start_line": 21}, "": {"executed_lines": [3, 5, 6, 8, 9, 11, 13, 17, 20, 21], "summary": {"covered_lines": 10, "num_statements": 11, "percent_covered": 90.9090909090909, "percent_covered_display": "90.91", "missing_lines": 1, "excluded_lines": 0, "percent_statements_covered": 90.9090909090909, "percent_statements_covered_display": "90.91"}, "missing_lines": [14], "excluded_lines": [], "start_line": 1}}, "classes": {"ArtifactBuilder": {"executed_lines": [37, 38, 39, 45, 48, 51, 52, 54, 56, 57, 58, 59, 60, 61, 62, 63, 64, 65, 66, 69, 72], "summary": {"covered_lines": 21, "num_statements": 21, "percent_covered": 100.0, "percent_covered_display": "100.00", "missing_lines": 0, "excluded_lines": 0, "percent_statements_covered": 100.0, "percent_statements_covered_display": "100.00"}, "missing_lines": [], "excluded_lines": [], "start_line": 17}, "": {"executed_lines": [3, 5, 6, 8, 9, 11, 13, 17, 20, 21], "summary": {"covered_lines": 10, "num_statements": 11, "percent_covered": 90.9090909090909, "percent_covered_display": "90.91", "missing_lines": 1, "excluded_lines": 0, "percent_statements_covered": 90.9090909090909, "percent_statements_covered_display": "90.91"}, "missing_lines": [14], "excluded_lines": [], "start_line": 1}}}, "bindu/utils/worker/messages.py": {"executed_lines": [3, 5, 6, 8, 11, 14, 15, 18, 22, 24, 25, 36, 37, 38, 39, 40, 42, 46, 48, 52, 53, 54, 56, 58, 59, 76, 91, 92, 94, 95, 99, 104], "summary": {"covered_lines": 32, "num_statements": 34, "percent_covered": 94.11764705882354, "percent_covered_display": "94.12", "missing_lines": 2, "excluded_lines": 0, "percent_statements_covered": 94.11764705882354, "percent_statements_covered_display": "94.12"}, "missing_lines": [50, 96], "excluded_lines": [], "functions": {"MessageConverter.to_chat_format": {"executed_lines": [36, 37, 38, 39, 40, 42, 46, 48, 52, 53, 54, 56], "summary": {"covered_lines": 12, "num_statements": 13, "percent_covered": 92.3076923076923, "percent_covered_display": "92.31", "missing_lines": 1, "excluded_lines": 0, "percent_statements_covered": 92.3076923076923, "percent_statements_covered_display": "92.31"}, "missing_lines": [50], "excluded_lines": [], "start_line": 25}, "MessageConverter.to_protocol_messages": {"executed_lines": [76], "summary": {"covered_lines": 1, "num_statements": 1, "percent_covered": 100.0, "percent_covered_display": "100.00", "missing_lines": 0, "excluded_lines": 0, "percent_statements_covered": 100.0, "percent_statements_covered_display": "100.00"}, "missing_lines": [], "excluded_lines": [], "start_line": 59}, "MessageConverter._extract_text_content": {"executed_lines": [94, 95, 99, 104], "summary": {"covered_lines": 4, "num_statements": 5, "percent_covered": 80.0, "percent_covered_display": "80.00", "missing_lines": 1, "excluded_lines": 0, "percent_statements_covered": 80.0, "percent_statements_covered_display": "80.00"}, "missing_lines": [96], "excluded_lines": [], "start_line": 92}, "": {"executed_lines": [3, 5, 6, 8, 11, 14, 15, 18, 22, 24, 25, 58, 59, 91, 92], "summary": {"covered_lines": 15, "num_statements": 15, "percent_covered": 100.0, "percent_covered_display": "100.00", "missing_lines": 0, "excluded_lines": 0, "percent_statements_covered": 100.0, "percent_statements_covered_display": "100.00"}, "missing_lines": [], "excluded_lines": [], "start_line": 1}}, "classes": {"MessageConverter": {"executed_lines": [36, 37, 38, 39, 40, 42, 46, 48, 52, 53, 54, 56, 76, 94, 95, 99, 104], "summary": {"covered_lines": 17, "num_statements": 19, "percent_covered": 89.47368421052632, "percent_covered_display": "89.47", "missing_lines": 2, "excluded_lines": 0, "percent_statements_covered": 89.47368421052632, "percent_statements_covered_display": "89.47"}, "missing_lines": [50, 96], "excluded_lines": [], "start_line": 18}, "": {"executed_lines": [3, 5, 6, 8, 11, 14, 15, 18, 22, 24, 25, 58, 59, 91, 92], "summary": {"covered_lines": 15, "num_statements": 15, "percent_covered": 100.0, "percent_covered_display": "100.00", "missing_lines": 0, "excluded_lines": 0, "percent_statements_covered": 100.0, "percent_statements_covered_display": "100.00"}, "missing_lines": [], "excluded_lines": [], "start_line": 1}}}, "bindu/utils/worker/parts.py": {"executed_lines": [3, 5, 7, 10, 14, 20, 21, 30, 32, 33, 34, 35, 39, 41, 42, 45, 46, 49, 51, 52, 55, 56, 57, 58, 59, 60, 62, 63, 66, 67], "summary": {"covered_lines": 30, "num_statements": 31, "percent_covered": 96.7741935483871, "percent_covered_display": "96.77", "missing_lines": 1, "excluded_lines": 0, "percent_statements_covered": 96.7741935483871, "percent_statements_covered_display": "96.77"}, "missing_lines": [70], "excluded_lines": [], "functions": {"PartConverter.dict_to_part": {"executed_lines": [30, 32, 33, 34, 35, 39], "summary": {"covered_lines": 6, "num_statements": 6, "percent_covered": 100.0, "percent_covered_display": "100.00", "missing_lines": 0, "excluded_lines": 0, "percent_statements_covered": 100.0, "percent_statements_covered_display": "100.00"}, "missing_lines": [], "excluded_lines": [], "start_line": 21}, "PartConverter.result_to_parts": {"executed_lines": [45, 46, 49, 51, 52, 55, 56, 57, 58, 59, 60, 62, 63, 66, 67], "summary": {"covered_lines": 15, "num_statements": 16, "percent_covered": 93.75, "percent_covered_display": "93.75", "missing_lines": 1, "excluded_lines": 0, "percent_statements_covered": 93.75, "percent_statements_covered_display": "93.75"}, "missing_lines": [70], "excluded_lines": [], "start_line": 42}, "": {"executed_lines": [3, 5, 7, 10, 14, 20, 21, 41, 42], "summary": {"covered_lines": 9, "num_statements": 9, "percent_covered": 100.0, "percent_covered_display": "100.00", "missing_lines": 0, "excluded_lines": 0, "percent_statements_covered": 100.0, "percent_statements_covered_display": "100.00"}, "missing_lines": [], "excluded_lines": [], "start_line": 1}}, "classes": {"PartConverter": {"executed_lines": [30, 32, 33, 34, 35, 39, 45, 46, 49, 51, 52, 55, 56, 57, 58, 59, 60, 62, 63, 66, 67], "summary": {"covered_lines": 21, "num_statements": 22, "percent_covered": 95.45454545454545, "percent_covered_display": "95.45", "missing_lines": 1, "excluded_lines": 0, "percent_statements_covered": 95.45454545454545, "percent_statements_covered_display": "95.45"}, "missing_lines": [70], "excluded_lines": [], "start_line": 10}, "": {"executed_lines": [3, 5, 7, 10, 14, 20, 21, 41, 42], "summary": {"covered_lines": 9, "num_statements": 9, "percent_covered": 100.0, "percent_covered_display": "100.00", "missing_lines": 0, "excluded_lines": 0, "percent_statements_covered": 100.0, "percent_statements_covered_display": "100.00"}, "missing_lines": [], "excluded_lines": [], "start_line": 1}}}, "bindu/utils/worker/tasks.py": {"executed_lines": [3, 5, 8, 11, 12, 24, 25, 26], "summary": {"covered_lines": 8, "num_statements": 8, "percent_covered": 100.0, "percent_covered_display": "100.00", "missing_lines": 0, "excluded_lines": 0, "percent_statements_covered": 100.0, "percent_statements_covered_display": "100.00"}, "missing_lines": [], "excluded_lines": [], "functions": {"TaskStateManager.validate_task_state": {"executed_lines": [24, 25, 26], "summary": {"covered_lines": 3, "num_statements": 3, "percent_covered": 100.0, "percent_covered_display": "100.00", "missing_lines": 0, "excluded_lines": 0, "percent_statements_covered": 100.0, "percent_statements_covered_display": "100.00"}, "missing_lines": [], "excluded_lines": [], "start_line": 12}, "": {"executed_lines": [3, 5, 8, 11, 12], "summary": {"covered_lines": 5, "num_statements": 5, "percent_covered": 100.0, "percent_covered_display": "100.00", "missing_lines": 0, "excluded_lines": 0, "percent_statements_covered": 100.0, "percent_statements_covered_display": "100.00"}, "missing_lines": [], "excluded_lines": [], "start_line": 1}}, "classes": {"TaskStateManager": {"executed_lines": [24, 25, 26], "summary": {"covered_lines": 3, "num_statements": 3, "percent_covered": 100.0, "percent_covered_display": "100.00", "missing_lines": 0, "excluded_lines": 0, "percent_statements_covered": 100.0, "percent_statements_covered_display": "100.00"}, "missing_lines": [], "excluded_lines": [], "start_line": 8}, "": {"executed_lines": [3, 5, 8, 11, 12], "summary": {"covered_lines": 5, "num_statements": 5, "percent_covered": 100.0, "percent_covered_display": "100.00", "missing_lines": 0, "excluded_lines": 0, "percent_statements_covered": 100.0, "percent_statements_covered_display": "100.00"}, "missing_lines": [], "excluded_lines": [], "start_line": 1}}}}, "totals": {"covered_lines": 4725, "num_statements": 7860, "percent_covered": 60.11450381679389, "percent_covered_display": "60.11", "missing_lines": 3135, "excluded_lines": 314, "percent_statements_covered": 60.11450381679389, "percent_statements_covered_display": "60.11"}}